Using pre-set license
Built from '2020.3/staging' branch; Version is '2020.3.25f1 (9b9180224418) revision 10195328'; Using compiler version '192528614'; Build Type 'Release'
OS: 'Windows 10  (10.0.19043) 64bit Professional' Language: 'en' Physical Memory: 16281 MB
BatchMode: 1, IsHumanControllingUs: 0, StartBugReporterOnCrash: 0, Is64bit: 1, IsPro: 0

COMMAND LINE ARGUMENTS:
C:\Program Files\Unity\Hub\Editor\2020.3.25f1\Editor\Unity.exe
-adb2
-batchMode
-noUpm
-name
AssetImportWorker0
-projectPath
C:/Users/kotes/OneDrive/Documents/HunterGame
-logFile
Logs/AssetImportWorker0.log
-srvPort
57009
Successfully changed project path to: C:/Users/kotes/OneDrive/Documents/HunterGame
C:/Users/kotes/OneDrive/Documents/HunterGame
Using Asset Import Pipeline V2.
Refreshing native plugins compatible for Editor in 47.07 ms, found 3 plugins.
Preloading 0 native plugins for Editor in 0.00 ms.
Initialize engine version: 2020.3.25f1 (9b9180224418)
[Subsystems] Discovering subsystems at path C:/Program Files/Unity/Hub/Editor/2020.3.25f1/Editor/Data/Resources/UnitySubsystems
[Subsystems] Discovering subsystems at path C:/Users/kotes/OneDrive/Documents/HunterGame/Assets
GfxDevice: creating device client; threaded=0
Direct3D:
    Version:  Direct3D 11.0 [level 11.1]
    Renderer: Intel(R) UHD Graphics 620 (ID=0x5917)
    Vendor:   
    VRAM:     8140 MB
    Driver:   27.20.100.9664
Initialize mono
Mono path[0] = 'C:/Program Files/Unity/Hub/Editor/2020.3.25f1/Editor/Data/Managed'
Mono path[1] = 'C:/Program Files/Unity/Hub/Editor/2020.3.25f1/Editor/Data/MonoBleedingEdge/lib/mono/unityjit'
Mono config path = 'C:/Program Files/Unity/Hub/Editor/2020.3.25f1/Editor/Data/MonoBleedingEdge/etc'
Using monoOptions --debugger-agent=transport=dt_socket,embedding=1,server=y,suspend=n,address=127.0.0.1:56088
Begin MonoManager ReloadAssembly
Registering precompiled unity dll's ...
Register platform support module: C:/Program Files/Unity/Hub/Editor/2020.3.25f1/Editor/Data/PlaybackEngines/WindowsStandaloneSupport/UnityEditor.WindowsStandalone.Extensions.dll
Registered in 0.004158 seconds.
Native extension for WindowsStandalone target not found
Refreshing native plugins compatible for Editor in 66.81 ms, found 3 plugins.
Preloading 0 native plugins for Editor in 0.00 ms.
Mono: successfully reloaded assembly
- Completed reload, in  0.903 seconds
Domain Reload Profiling:
	ReloadAssembly (904ms)
		BeginReloadAssembly (77ms)
			ExecutionOrderSort (0ms)
			DisableScriptedObjects (0ms)
			BackupInstance (0ms)
			ReleaseScriptingObjects (0ms)
			CreateAndSetChildDomain (1ms)
		EndReloadAssembly (692ms)
			LoadAssemblies (76ms)
			RebuildTransferFunctionScriptingTraits (0ms)
			SetupTypeCache (210ms)
			ReleaseScriptCaches (0ms)
			RebuildScriptCaches (48ms)
			SetupLoadedEditorAssemblies (297ms)
				LogAssemblyErrors (0ms)
				InitializePlatformSupportModulesInManaged (6ms)
				SetLoadedEditorAssemblies (0ms)
				RefreshPlugins (67ms)
				BeforeProcessingInitializeOnLoad (31ms)
				ProcessInitializeOnLoadAttributes (145ms)
				ProcessInitializeOnLoadMethodAttributes (49ms)
				AfterProcessingInitializeOnLoad (0ms)
				EditorAssembliesLoaded (0ms)
			ExecutionOrderSort2 (0ms)
			AwakeInstancesAfterBackupRestoration (0ms)
Platform modules already initialized, skipping
Registering precompiled user dll's ...
Registered in 0.263098 seconds.
Begin MonoManager ReloadAssembly
Native extension for WindowsStandalone target not found
Refreshing native plugins compatible for Editor in 95.98 ms, found 3 plugins.
Preloading 0 native plugins for Editor in 0.00 ms.
Mono: successfully reloaded assembly
- Completed reload, in  2.292 seconds
Domain Reload Profiling:
	ReloadAssembly (2294ms)
		BeginReloadAssembly (250ms)
			ExecutionOrderSort (0ms)
			DisableScriptedObjects (6ms)
			BackupInstance (0ms)
			ReleaseScriptingObjects (0ms)
			CreateAndSetChildDomain (25ms)
		EndReloadAssembly (1938ms)
			LoadAssemblies (201ms)
			RebuildTransferFunctionScriptingTraits (0ms)
			SetupTypeCache (522ms)
			ReleaseScriptCaches (1ms)
			RebuildScriptCaches (149ms)
			SetupLoadedEditorAssemblies (687ms)
				LogAssemblyErrors (0ms)
				InitializePlatformSupportModulesInManaged (13ms)
				SetLoadedEditorAssemblies (1ms)
				RefreshPlugins (96ms)
				BeforeProcessingInitializeOnLoad (171ms)
				ProcessInitializeOnLoadAttributes (364ms)
				ProcessInitializeOnLoadMethodAttributes (28ms)
				AfterProcessingInitializeOnLoad (14ms)
				EditorAssembliesLoaded (0ms)
			ExecutionOrderSort2 (0ms)
			AwakeInstancesAfterBackupRestoration (12ms)
Platform modules already initialized, skipping
========================================================================
Worker process is ready to serve import requests
Launched and connected shader compiler UnityShaderCompiler.exe after 0.07 seconds
Refreshing native plugins compatible for Editor in 0.67 ms, found 3 plugins.
Preloading 0 native plugins for Editor in 0.00 ms.
Unloading 2211 Unused Serialized files (Serialized files now loaded: 0)
System memory in use before: 96.4 MB.
System memory in use after: 96.5 MB.

Unloading 28 unused Assets to reduce memory usage. Loaded Objects now: 2644.
Total: 19.807600 ms (FindLiveObjects: 0.729500 ms CreateObjectMapping: 0.460300 ms MarkObjects: 18.323800 ms  DeleteObjects: 0.286000 ms)

AssetImportParameters requested are different than current active one (requested -> active):
  custom:framework-win-MediaFoundation: 216162199b28c13a410421893ffa2e32 -> 
  custom:video-decoder-ogg-theora: a1e56fd34408186e4bbccfd4996cb3dc -> 
  custom:container-muxer-webm: aa71ff27fc2769a1b78a27578f13a17b -> 
  custom:container-demuxer-webm: 4f35f7cbe854078d1ac9338744f61a02 -> 
  custom:container-demuxer-ogg: 62fdf1f143b41e24485cea50d1cbac27 -> 
  custom:video-encoder-webm-vp8: eb34c28f22e8b96e1ab97ce403110664 -> 
  custom:video-decoder-webm-vp8: 9c59270c3fd7afecdb556c50c9e8de78 -> 
  custom:audio-decoder-ogg-vorbis: bf7c407c2cedff20999df2af8eb42d56 -> 
  custom:audio-encoder-webm-vorbis: bf7c407c2cedff20999df2af8eb42d56 -> 
========================================================================
Received Import Request.
  path: Assets/Wolf.prefab
  artifactKey: Guid(4ccf1def6275d6b4db960aa8bf81aafa) Importer(815301076,1909f56bfc062723c751e8b465ee728b)
Start importing Assets/Wolf.prefab using Guid(4ccf1def6275d6b4db960aa8bf81aafa) Importer(815301076,1909f56bfc062723c751e8b465ee728b)  -> (artifact id: 'ffbed5e255179d0f438aa9c331e190a4') in 0.131971 seconds 
  Import took 0.144812 seconds .

========================================================================
Received Import Request.
  Time since last request: 4.384802 seconds.
  path: Assets/Wolf.prefab
  artifactKey: Guid(4ccf1def6275d6b4db960aa8bf81aafa) Importer(815301076,1909f56bfc062723c751e8b465ee728b)
Start importing Assets/Wolf.prefab using Guid(4ccf1def6275d6b4db960aa8bf81aafa) Importer(815301076,1909f56bfc062723c751e8b465ee728b)  -> (artifact id: 'd4cf5a489b2ac4c9ecc9bbbb801f2c7d') in 0.007617 seconds 
  Import took 0.012276 seconds .

========================================================================
Received Import Request.
  Time since last request: 4.679258 seconds.
  path: Assets/Wolf.prefab
  artifactKey: Guid(4ccf1def6275d6b4db960aa8bf81aafa) Importer(815301076,1909f56bfc062723c751e8b465ee728b)
Start importing Assets/Wolf.prefab using Guid(4ccf1def6275d6b4db960aa8bf81aafa) Importer(815301076,1909f56bfc062723c751e8b465ee728b)  -> (artifact id: '45403647974ece6f00729ac0db35509a') in 0.008660 seconds 
  Import took 0.015585 seconds .

========================================================================
Received Import Request.
  Time since last request: 8.408834 seconds.
  path: Assets/Wolf.prefab
  artifactKey: Guid(4ccf1def6275d6b4db960aa8bf81aafa) Importer(815301076,1909f56bfc062723c751e8b465ee728b)
Start importing Assets/Wolf.prefab using Guid(4ccf1def6275d6b4db960aa8bf81aafa) Importer(815301076,1909f56bfc062723c751e8b465ee728b)  -> (artifact id: '3a57cf5759774208a9507c98466c4010') in 0.005330 seconds 
  Import took 0.010057 seconds .

========================================================================
Received Import Request.
  Time since last request: 5.950225 seconds.
  path: Assets/Wolf.prefab
  artifactKey: Guid(4ccf1def6275d6b4db960aa8bf81aafa) Importer(815301076,1909f56bfc062723c751e8b465ee728b)
Start importing Assets/Wolf.prefab using Guid(4ccf1def6275d6b4db960aa8bf81aafa) Importer(815301076,1909f56bfc062723c751e8b465ee728b)  -> (artifact id: 'eaaa227b25c50e2a376deda0368395a2') in 0.008523 seconds 
  Import took 0.014626 seconds .

========================================================================
Received Import Request.
  Time since last request: 2.815771 seconds.
  path: Assets/Wolf.prefab
  artifactKey: Guid(4ccf1def6275d6b4db960aa8bf81aafa) Importer(815301076,1909f56bfc062723c751e8b465ee728b)
Start importing Assets/Wolf.prefab using Guid(4ccf1def6275d6b4db960aa8bf81aafa) Importer(815301076,1909f56bfc062723c751e8b465ee728b)  -> (artifact id: '461a180a8aedf23fcc58eeee6018bb91') in 0.004508 seconds 
  Import took 0.008424 seconds .

========================================================================
Received Import Request.
  Time since last request: 11.497009 seconds.
  path: Assets/Wolf.prefab
  artifactKey: Guid(4ccf1def6275d6b4db960aa8bf81aafa) Importer(815301076,1909f56bfc062723c751e8b465ee728b)
Start importing Assets/Wolf.prefab using Guid(4ccf1def6275d6b4db960aa8bf81aafa) Importer(815301076,1909f56bfc062723c751e8b465ee728b)  -> (artifact id: '8ff8ade519abf31e2fd76569ddc6c8f3') in 0.006208 seconds 
  Import took 0.011193 seconds .

========================================================================
Received Import Request.
  Time since last request: 3.761969 seconds.
  path: Assets/Wolf.prefab
  artifactKey: Guid(4ccf1def6275d6b4db960aa8bf81aafa) Importer(815301076,1909f56bfc062723c751e8b465ee728b)
Start importing Assets/Wolf.prefab using Guid(4ccf1def6275d6b4db960aa8bf81aafa) Importer(815301076,1909f56bfc062723c751e8b465ee728b)  -> (artifact id: '7e40756aa3631cff6f37fc4ba28910db') in 0.005046 seconds 
  Import took 0.009416 seconds .

========================================================================
Received Import Request.
  Time since last request: 79.129592 seconds.
  path: ProjectSettings/TagManager.asset
  artifactKey: Guid(00000000000000003000000000000000) Importer(815301076,1909f56bfc062723c751e8b465ee728b)
Start importing ProjectSettings/TagManager.asset using Guid(00000000000000003000000000000000) Importer(815301076,1909f56bfc062723c751e8b465ee728b)  -> (artifact id: 'bdcd1779b4ed0df95dadf80270624f36') in 0.009738 seconds 
  Import took 0.014878 seconds .

========================================================================
Received Import Request.
  Time since last request: 15.617819 seconds.
  path: Assets/Wolf.prefab
  artifactKey: Guid(4ccf1def6275d6b4db960aa8bf81aafa) Importer(815301076,1909f56bfc062723c751e8b465ee728b)
Start importing Assets/Wolf.prefab using Guid(4ccf1def6275d6b4db960aa8bf81aafa) Importer(815301076,1909f56bfc062723c751e8b465ee728b)  -> (artifact id: '421c9ea7fac50c2e9dd90b87609e97bd') in 0.005189 seconds 
  Import took 0.011513 seconds .

========================================================================
Received Import Request.
  Time since last request: 12.829891 seconds.
  path: Assets/Deer.prefab
  artifactKey: Guid(8171074a586d49341a14a1e21a146044) Importer(815301076,1909f56bfc062723c751e8b465ee728b)
Start importing Assets/Deer.prefab using Guid(8171074a586d49341a14a1e21a146044) Importer(815301076,1909f56bfc062723c751e8b465ee728b)  -> (artifact id: '725b6c6ec3bf4844ff11540301bb1b12') in 0.012354 seconds 
  Import took 0.020030 seconds .

========================================================================
Received Import Request.
  Time since last request: 22.212930 seconds.
  path: Assets/Deer.prefab
  artifactKey: Guid(8171074a586d49341a14a1e21a146044) Importer(815301076,1909f56bfc062723c751e8b465ee728b)
Start importing Assets/Deer.prefab using Guid(8171074a586d49341a14a1e21a146044) Importer(815301076,1909f56bfc062723c751e8b465ee728b)  -> (artifact id: 'a601370ff9cf2cb6afea36a9cae71e5c') in 0.006677 seconds 
  Import took 0.013923 seconds .

========================================================================
Received Import Request.
  Time since last request: 13.939899 seconds.
  path: Assets/Deer.prefab
  artifactKey: Guid(8171074a586d49341a14a1e21a146044) Importer(815301076,1909f56bfc062723c751e8b465ee728b)
Start importing Assets/Deer.prefab using Guid(8171074a586d49341a14a1e21a146044) Importer(815301076,1909f56bfc062723c751e8b465ee728b)  -> (artifact id: 'c47e89128f3c752111ec99eb3f652c77') in 0.006374 seconds 
  Import took 0.011798 seconds .

========================================================================
Received Import Request.
  Time since last request: 14.679742 seconds.
  path: Assets/Deer.prefab
  artifactKey: Guid(8171074a586d49341a14a1e21a146044) Importer(815301076,1909f56bfc062723c751e8b465ee728b)
Start importing Assets/Deer.prefab using Guid(8171074a586d49341a14a1e21a146044) Importer(815301076,1909f56bfc062723c751e8b465ee728b)  -> (artifact id: '491b83c2bd5c913d5abdd19f82c56049') in 0.004805 seconds 
  Import took 0.010577 seconds .

========================================================================
Received Import Request.
  Time since last request: 6.904788 seconds.
  path: Assets/Deer.prefab
  artifactKey: Guid(8171074a586d49341a14a1e21a146044) Importer(815301076,1909f56bfc062723c751e8b465ee728b)
Start importing Assets/Deer.prefab using Guid(8171074a586d49341a14a1e21a146044) Importer(815301076,1909f56bfc062723c751e8b465ee728b)  -> (artifact id: '6aebef54ccd258afdb746ff0ef4022c0') in 0.006805 seconds 
  Import took 0.013770 seconds .

========================================================================
Received Import Request.
  Time since last request: 51.578364 seconds.
  path: Assets/Deer.prefab
  artifactKey: Guid(8171074a586d49341a14a1e21a146044) Importer(815301076,1909f56bfc062723c751e8b465ee728b)
Start importing Assets/Deer.prefab using Guid(8171074a586d49341a14a1e21a146044) Importer(815301076,1909f56bfc062723c751e8b465ee728b)  -> (artifact id: '5accf899eca1748cfbb40fedee45b8d4') in 0.005889 seconds 
  Import took 0.013975 seconds .

========================================================================
Received Import Request.
  Time since last request: 4.159666 seconds.
  path: Assets/Deer.prefab
  artifactKey: Guid(8171074a586d49341a14a1e21a146044) Importer(815301076,1909f56bfc062723c751e8b465ee728b)
Start importing Assets/Deer.prefab using Guid(8171074a586d49341a14a1e21a146044) Importer(815301076,1909f56bfc062723c751e8b465ee728b)  -> (artifact id: '8b81fe0ce0a72108d2be4cd10b34c2d8') in 0.005351 seconds 
  Import took 0.011705 seconds .

========================================================================
Received Import Request.
  Time since last request: 30.920382 seconds.
  path: Assets/Deer.prefab
  artifactKey: Guid(8171074a586d49341a14a1e21a146044) Importer(815301076,1909f56bfc062723c751e8b465ee728b)
Start importing Assets/Deer.prefab using Guid(8171074a586d49341a14a1e21a146044) Importer(815301076,1909f56bfc062723c751e8b465ee728b)  -> (artifact id: '6da182f71b4999dced00adf409282454') in 0.081513 seconds 
  Import took 0.087842 seconds .

========================================================================
Received Import Request.
  Time since last request: 53.655221 seconds.
  path: Assets/Wolf.prefab
  artifactKey: Guid(4ccf1def6275d6b4db960aa8bf81aafa) Importer(815301076,1909f56bfc062723c751e8b465ee728b)
Start importing Assets/Wolf.prefab using Guid(4ccf1def6275d6b4db960aa8bf81aafa) Importer(815301076,1909f56bfc062723c751e8b465ee728b)  -> (artifact id: '3ba9ac17ce1e3fb88e0b004b422b5b06') in 0.042890 seconds 
  Import took 0.047668 seconds .

========================================================================
Received Import Request.
  Time since last request: 17.012970 seconds.
  path: Assets/Deer.prefab
  artifactKey: Guid(8171074a586d49341a14a1e21a146044) Importer(815301076,1909f56bfc062723c751e8b465ee728b)
Start importing Assets/Deer.prefab using Guid(8171074a586d49341a14a1e21a146044) Importer(815301076,1909f56bfc062723c751e8b465ee728b)  -> (artifact id: '440d2c58b695eb8f2758d2e82b5aefaf') in 0.015220 seconds 
  Import took 0.022844 seconds .

========================================================================
Received Import Request.
  Time since last request: 11.217771 seconds.
  path: Assets/Deer.prefab
  artifactKey: Guid(8171074a586d49341a14a1e21a146044) Importer(815301076,1909f56bfc062723c751e8b465ee728b)
Start importing Assets/Deer.prefab using Guid(8171074a586d49341a14a1e21a146044) Importer(815301076,1909f56bfc062723c751e8b465ee728b)  -> (artifact id: 'b1c576bb2f5cc2bcd33fe62186931c8b') in 0.018425 seconds 
  Import took 0.025337 seconds .

========================================================================
Received Import Request.
  Time since last request: 1.580605 seconds.
  path: Assets/Deer.prefab
  artifactKey: Guid(8171074a586d49341a14a1e21a146044) Importer(815301076,1909f56bfc062723c751e8b465ee728b)
Start importing Assets/Deer.prefab using Guid(8171074a586d49341a14a1e21a146044) Importer(815301076,1909f56bfc062723c751e8b465ee728b)  -> (artifact id: '3ea56425442014c90ddb34f7e5561108') in 0.013764 seconds 
  Import took 0.018832 seconds .

========================================================================
Received Import Request.
  Time since last request: 17.244214 seconds.
  path: Assets/GroupOfDeers.prefab
  artifactKey: Guid(7b749d906d5957c46aeb3409ea5425d3) Importer(815301076,1909f56bfc062723c751e8b465ee728b)
Start importing Assets/GroupOfDeers.prefab using Guid(7b749d906d5957c46aeb3409ea5425d3) Importer(815301076,1909f56bfc062723c751e8b465ee728b)  -> (artifact id: 'ed19dda7a780c5e20c4415e683dc1ca9') in 0.010410 seconds 
  Import took 0.015904 seconds .

========================================================================
Received Import Request.
  Time since last request: 15.396308 seconds.
  path: Assets/GroupOfDeers.prefab
  artifactKey: Guid(7b749d906d5957c46aeb3409ea5425d3) Importer(815301076,1909f56bfc062723c751e8b465ee728b)
Start importing Assets/GroupOfDeers.prefab using Guid(7b749d906d5957c46aeb3409ea5425d3) Importer(815301076,1909f56bfc062723c751e8b465ee728b)  -> (artifact id: '8d1aa682b924ee1d9595ce2169d9a773') in 0.005338 seconds 
  Import took 0.013213 seconds .

========================================================================
Received Import Request.
  Time since last request: 6.935753 seconds.
  path: Assets/GroupOfDeers.prefab
  artifactKey: Guid(7b749d906d5957c46aeb3409ea5425d3) Importer(815301076,1909f56bfc062723c751e8b465ee728b)
Start importing Assets/GroupOfDeers.prefab using Guid(7b749d906d5957c46aeb3409ea5425d3) Importer(815301076,1909f56bfc062723c751e8b465ee728b)  -> (artifact id: 'a7029dbd56e93a7d82ad19e8b28ffebd') in 0.006754 seconds 
  Import took 0.011188 seconds .

========================================================================
Received Import Request.
  Time since last request: 4.466791 seconds.
  path: Assets/GroupOfDeers.prefab
  artifactKey: Guid(7b749d906d5957c46aeb3409ea5425d3) Importer(815301076,1909f56bfc062723c751e8b465ee728b)
Start importing Assets/GroupOfDeers.prefab using Guid(7b749d906d5957c46aeb3409ea5425d3) Importer(815301076,1909f56bfc062723c751e8b465ee728b)  -> (artifact id: 'ece5c6c8399c72f03ca76ce05d4d377e') in 0.005744 seconds 
  Import took 0.013945 seconds .

========================================================================
Received Import Request.
  Time since last request: 14.899036 seconds.
  path: Assets/GroupOfDeers.prefab
  artifactKey: Guid(7b749d906d5957c46aeb3409ea5425d3) Importer(815301076,1909f56bfc062723c751e8b465ee728b)
Start importing Assets/GroupOfDeers.prefab using Guid(7b749d906d5957c46aeb3409ea5425d3) Importer(815301076,1909f56bfc062723c751e8b465ee728b)  -> (artifact id: 'f4f06077f31f34b390c73f668dc72182') in 0.007506 seconds 
  Import took 0.013966 seconds .

========================================================================
Received Import Request.
  Time since last request: 16.247133 seconds.
  path: Assets/Bullet.prefab
  artifactKey: Guid(a0de393fb187b8946b88dcbdb907b6d6) Importer(815301076,1909f56bfc062723c751e8b465ee728b)
Start importing Assets/Bullet.prefab using Guid(a0de393fb187b8946b88dcbdb907b6d6) Importer(815301076,1909f56bfc062723c751e8b465ee728b)  -> (artifact id: '30c1503485148a20933c9b964693b727') in 0.015849 seconds 
  Import took 0.021407 seconds .

========================================================================
Received Import Request.
  Time since last request: 97.129647 seconds.
  path: Assets/Bullet.prefab
  artifactKey: Guid(a0de393fb187b8946b88dcbdb907b6d6) Importer(815301076,1909f56bfc062723c751e8b465ee728b)
Start importing Assets/Bullet.prefab using Guid(a0de393fb187b8946b88dcbdb907b6d6) Importer(815301076,1909f56bfc062723c751e8b465ee728b)  -> (artifact id: '459b807803523465aa8f2b538f419c5c') in 0.017003 seconds 
  Import took 0.022283 seconds .

========================================================================
Received Import Request.
  Time since last request: 6.989049 seconds.
  path: Assets/Bullet.prefab
  artifactKey: Guid(a0de393fb187b8946b88dcbdb907b6d6) Importer(815301076,1909f56bfc062723c751e8b465ee728b)
Start importing Assets/Bullet.prefab using Guid(a0de393fb187b8946b88dcbdb907b6d6) Importer(815301076,1909f56bfc062723c751e8b465ee728b)  -> (artifact id: '28c193e9e082179aab3fcce549bd2ddb') in 0.012625 seconds 
  Import took 0.017524 seconds .

========================================================================
Received Import Request.
  Time since last request: 3.417626 seconds.
  path: Assets/Bullet.prefab
  artifactKey: Guid(a0de393fb187b8946b88dcbdb907b6d6) Importer(815301076,1909f56bfc062723c751e8b465ee728b)
Start importing Assets/Bullet.prefab using Guid(a0de393fb187b8946b88dcbdb907b6d6) Importer(815301076,1909f56bfc062723c751e8b465ee728b)  -> (artifact id: '0344578f588712122daa06279ceda7f1') in 0.013613 seconds 
  Import took 0.018711 seconds .

========================================================================
Received Import Request.
  Time since last request: 272.169501 seconds.
  path: Assets/Gun.cs
  artifactKey: Guid(97b4184f52cd7794a88ce3aca28c229e) Importer(815301076,1909f56bfc062723c751e8b465ee728b)
Start importing Assets/Gun.cs using Guid(97b4184f52cd7794a88ce3aca28c229e) Importer(815301076,1909f56bfc062723c751e8b465ee728b)  -> (artifact id: 'c5725a75d1c290a1ae93b98867d1f87c') in 0.023796 seconds 
  Import took 0.032442 seconds .

========================================================================
Received Prepare
Registering precompiled user dll's ...
Registered in 0.006268 seconds.
Begin MonoManager ReloadAssembly
Native extension for WindowsStandalone target not found
Refreshing native plugins compatible for Editor in 0.99 ms, found 3 plugins.
Preloading 0 native plugins for Editor in 0.00 ms.
Mono: successfully reloaded assembly
- Completed reload, in  1.869 seconds
Domain Reload Profiling:
	ReloadAssembly (1870ms)
		BeginReloadAssembly (220ms)
			ExecutionOrderSort (0ms)
			DisableScriptedObjects (17ms)
			BackupInstance (0ms)
			ReleaseScriptingObjects (0ms)
			CreateAndSetChildDomain (64ms)
		EndReloadAssembly (1514ms)
			LoadAssemblies (196ms)
			RebuildTransferFunctionScriptingTraits (0ms)
			SetupTypeCache (513ms)
			ReleaseScriptCaches (1ms)
			RebuildScriptCaches (76ms)
			SetupLoadedEditorAssemblies (523ms)
				LogAssemblyErrors (0ms)
				InitializePlatformSupportModulesInManaged (11ms)
				SetLoadedEditorAssemblies (1ms)
				RefreshPlugins (1ms)
				BeforeProcessingInitializeOnLoad (184ms)
				ProcessInitializeOnLoadAttributes (295ms)
				ProcessInitializeOnLoadMethodAttributes (18ms)
				AfterProcessingInitializeOnLoad (13ms)
				EditorAssembliesLoaded (0ms)
			ExecutionOrderSort2 (0ms)
			AwakeInstancesAfterBackupRestoration (21ms)
Platform modules already initialized, skipping
Refreshing native plugins compatible for Editor in 0.65 ms, found 3 plugins.
Preloading 0 native plugins for Editor in 0.00 ms.
Unloading 2200 Unused Serialized files (Serialized files now loaded: 0)
System memory in use before: 98.8 MB.
System memory in use after: 98.9 MB.

Unloading 18 unused Assets to reduce memory usage. Loaded Objects now: 2653.
Total: 5.381100 ms (FindLiveObjects: 0.298300 ms CreateObjectMapping: 0.166800 ms MarkObjects: 4.882900 ms  DeleteObjects: 0.031700 ms)

AssetImportParameters requested are different than current active one (requested -> active):
  custom:framework-win-MediaFoundation: 216162199b28c13a410421893ffa2e32 -> 
  custom:video-decoder-ogg-theora: a1e56fd34408186e4bbccfd4996cb3dc -> 
  custom:container-muxer-webm: aa71ff27fc2769a1b78a27578f13a17b -> 
  custom:container-demuxer-webm: 4f35f7cbe854078d1ac9338744f61a02 -> 
  custom:container-demuxer-ogg: 62fdf1f143b41e24485cea50d1cbac27 -> 
  custom:video-encoder-webm-vp8: eb34c28f22e8b96e1ab97ce403110664 -> 
  custom:video-decoder-webm-vp8: 9c59270c3fd7afecdb556c50c9e8de78 -> 
  custom:audio-decoder-ogg-vorbis: bf7c407c2cedff20999df2af8eb42d56 -> 
  custom:audio-encoder-webm-vorbis: bf7c407c2cedff20999df2af8eb42d56 -> 
========================================================================
Received Import Request.
  Time since last request: 48.752510 seconds.
  path: Assets/Gun.cs
  artifactKey: Guid(97b4184f52cd7794a88ce3aca28c229e) Importer(815301076,1909f56bfc062723c751e8b465ee728b)
Start importing Assets/Gun.cs using Guid(97b4184f52cd7794a88ce3aca28c229e) Importer(815301076,1909f56bfc062723c751e8b465ee728b)  -> (artifact id: '4c5bb62942321b9357fbd0c282f84fec') in 0.005246 seconds 
  Import took 0.010029 seconds .

========================================================================
Received Prepare
Registering precompiled user dll's ...
Registered in 0.010379 seconds.
Begin MonoManager ReloadAssembly
Native extension for WindowsStandalone target not found
Refreshing native plugins compatible for Editor in 0.54 ms, found 3 plugins.
Preloading 0 native plugins for Editor in 0.00 ms.
Mono: successfully reloaded assembly
- Completed reload, in  1.575 seconds
Domain Reload Profiling:
	ReloadAssembly (1576ms)
		BeginReloadAssembly (170ms)
			ExecutionOrderSort (0ms)
			DisableScriptedObjects (9ms)
			BackupInstance (0ms)
			ReleaseScriptingObjects (0ms)
			CreateAndSetChildDomain (54ms)
		EndReloadAssembly (1319ms)
			LoadAssemblies (129ms)
			RebuildTransferFunctionScriptingTraits (0ms)
			SetupTypeCache (443ms)
			ReleaseScriptCaches (1ms)
			RebuildScriptCaches (75ms)
			SetupLoadedEditorAssemblies (514ms)
				LogAssemblyErrors (0ms)
				InitializePlatformSupportModulesInManaged (6ms)
				SetLoadedEditorAssemblies (1ms)
				RefreshPlugins (1ms)
				BeforeProcessingInitializeOnLoad (159ms)
				ProcessInitializeOnLoadAttributes (321ms)
				ProcessInitializeOnLoadMethodAttributes (17ms)
				AfterProcessingInitializeOnLoad (9ms)
				EditorAssembliesLoaded (0ms)
			ExecutionOrderSort2 (0ms)
			AwakeInstancesAfterBackupRestoration (14ms)
Platform modules already initialized, skipping
Refreshing native plugins compatible for Editor in 0.67 ms, found 3 plugins.
Preloading 0 native plugins for Editor in 0.00 ms.
Unloading 2200 Unused Serialized files (Serialized files now loaded: 0)
System memory in use before: 98.8 MB.
System memory in use after: 99.0 MB.

Unloading 17 unused Assets to reduce memory usage. Loaded Objects now: 2655.
Total: 4.104600 ms (FindLiveObjects: 0.230000 ms CreateObjectMapping: 0.101700 ms MarkObjects: 3.748900 ms  DeleteObjects: 0.022600 ms)

AssetImportParameters requested are different than current active one (requested -> active):
  custom:framework-win-MediaFoundation: 216162199b28c13a410421893ffa2e32 -> 
  custom:video-decoder-ogg-theora: a1e56fd34408186e4bbccfd4996cb3dc -> 
  custom:container-muxer-webm: aa71ff27fc2769a1b78a27578f13a17b -> 
  custom:container-demuxer-webm: 4f35f7cbe854078d1ac9338744f61a02 -> 
  custom:container-demuxer-ogg: 62fdf1f143b41e24485cea50d1cbac27 -> 
  custom:video-encoder-webm-vp8: eb34c28f22e8b96e1ab97ce403110664 -> 
  custom:video-decoder-webm-vp8: 9c59270c3fd7afecdb556c50c9e8de78 -> 
  custom:audio-decoder-ogg-vorbis: bf7c407c2cedff20999df2af8eb42d56 -> 
  custom:audio-encoder-webm-vorbis: bf7c407c2cedff20999df2af8eb42d56 -> 
========================================================================
Received Import Request.
  Time since last request: 476.611164 seconds.
  path: Assets/Rabbit.prefab
  artifactKey: Guid(0bee2cff2f2da5a40af1bca9c959f25f) Importer(815301076,1909f56bfc062723c751e8b465ee728b)
Start importing Assets/Rabbit.prefab using Guid(0bee2cff2f2da5a40af1bca9c959f25f) Importer(815301076,1909f56bfc062723c751e8b465ee728b)  -> (artifact id: '12181fdf667ae54400c487653fcdf332') in 0.037819 seconds 
  Import took 0.042724 seconds .

========================================================================
Received Import Request.
  Time since last request: 35.949123 seconds.
  path: Assets/Rabbit.prefab
  artifactKey: Guid(0bee2cff2f2da5a40af1bca9c959f25f) Importer(815301076,1909f56bfc062723c751e8b465ee728b)
Start importing Assets/Rabbit.prefab using Guid(0bee2cff2f2da5a40af1bca9c959f25f) Importer(815301076,1909f56bfc062723c751e8b465ee728b)  -> (artifact id: '409134f8eba8ce2192933034cd74b692') in 0.044280 seconds 
  Import took 0.048605 seconds .

========================================================================
Received Import Request.
  Time since last request: 4.491476 seconds.
  path: Assets/Rabbit.prefab
  artifactKey: Guid(0bee2cff2f2da5a40af1bca9c959f25f) Importer(815301076,1909f56bfc062723c751e8b465ee728b)
Start importing Assets/Rabbit.prefab using Guid(0bee2cff2f2da5a40af1bca9c959f25f) Importer(815301076,1909f56bfc062723c751e8b465ee728b)  -> (artifact id: '04e927a7f2eef5bb46089a48ac141cfd') in 0.023759 seconds 
  Import took 0.030982 seconds .

========================================================================
Received Import Request.
  Time since last request: 5.625560 seconds.
  path: Assets/Rabbit.prefab
  artifactKey: Guid(0bee2cff2f2da5a40af1bca9c959f25f) Importer(815301076,1909f56bfc062723c751e8b465ee728b)
Start importing Assets/Rabbit.prefab using Guid(0bee2cff2f2da5a40af1bca9c959f25f) Importer(815301076,1909f56bfc062723c751e8b465ee728b)  -> (artifact id: '5f98194e0001e4e9b1e787f0dea6e0c1') in 0.024251 seconds 
  Import took 0.030458 seconds .

========================================================================
Received Import Request.
  Time since last request: 1.195116 seconds.
  path: Assets/Rabbit.prefab
  artifactKey: Guid(0bee2cff2f2da5a40af1bca9c959f25f) Importer(815301076,1909f56bfc062723c751e8b465ee728b)
Start importing Assets/Rabbit.prefab using Guid(0bee2cff2f2da5a40af1bca9c959f25f) Importer(815301076,1909f56bfc062723c751e8b465ee728b)  -> (artifact id: 'a6009bbc3fcecc4b4b85bd74ef73c201') in 0.018139 seconds 
  Import took 0.022628 seconds .

========================================================================
Received Import Request.
  Time since last request: 4.028226 seconds.
  path: Assets/Rabbit.prefab
  artifactKey: Guid(0bee2cff2f2da5a40af1bca9c959f25f) Importer(815301076,1909f56bfc062723c751e8b465ee728b)
Start importing Assets/Rabbit.prefab using Guid(0bee2cff2f2da5a40af1bca9c959f25f) Importer(815301076,1909f56bfc062723c751e8b465ee728b)  -> (artifact id: 'af636bb72494ba3e5b4668649efc39ce') in 0.019088 seconds 
  Import took 0.024093 seconds .

========================================================================
Received Import Request.
  Time since last request: 9.119658 seconds.
  path: Assets/Rabbit.prefab
  artifactKey: Guid(0bee2cff2f2da5a40af1bca9c959f25f) Importer(815301076,1909f56bfc062723c751e8b465ee728b)
Start importing Assets/Rabbit.prefab using Guid(0bee2cff2f2da5a40af1bca9c959f25f) Importer(815301076,1909f56bfc062723c751e8b465ee728b)  -> (artifact id: '9d689df77a23e9e4d3dde5c92bdf2a66') in 0.022407 seconds 
  Import took 0.027765 seconds .

========================================================================
Received Import Request.
  Time since last request: 8.850588 seconds.
  path: Assets/Rabbit.prefab
  artifactKey: Guid(0bee2cff2f2da5a40af1bca9c959f25f) Importer(815301076,1909f56bfc062723c751e8b465ee728b)
Start importing Assets/Rabbit.prefab using Guid(0bee2cff2f2da5a40af1bca9c959f25f) Importer(815301076,1909f56bfc062723c751e8b465ee728b)  -> (artifact id: 'bbc8ecf1e1b8b4ea6ba903cb57765689') in 0.031682 seconds 
  Import took 0.037287 seconds .

========================================================================
Received Import Request.
  Time since last request: 4.717928 seconds.
  path: Assets/Rabbit.prefab
  artifactKey: Guid(0bee2cff2f2da5a40af1bca9c959f25f) Importer(815301076,1909f56bfc062723c751e8b465ee728b)
Start importing Assets/Rabbit.prefab using Guid(0bee2cff2f2da5a40af1bca9c959f25f) Importer(815301076,1909f56bfc062723c751e8b465ee728b)  -> (artifact id: '169b30d900d59e6af3616cf1927b4684') in 0.022510 seconds 
  Import took 0.031292 seconds .

========================================================================
Received Import Request.
  Time since last request: 5.010509 seconds.
  path: Assets/Rabbit.prefab
  artifactKey: Guid(0bee2cff2f2da5a40af1bca9c959f25f) Importer(815301076,1909f56bfc062723c751e8b465ee728b)
Start importing Assets/Rabbit.prefab using Guid(0bee2cff2f2da5a40af1bca9c959f25f) Importer(815301076,1909f56bfc062723c751e8b465ee728b)  -> (artifact id: '18265f55286d7028d33f1fb3ef1ca5ad') in 0.023396 seconds 
  Import took 0.029017 seconds .

========================================================================
Received Import Request.
  Time since last request: 284.618160 seconds.
  path: ProjectSettings/TagManager.asset
  artifactKey: Guid(00000000000000003000000000000000) Importer(815301076,1909f56bfc062723c751e8b465ee728b)
Start importing ProjectSettings/TagManager.asset using Guid(00000000000000003000000000000000) Importer(815301076,1909f56bfc062723c751e8b465ee728b)  -> (artifact id: '98409d47be161b4dcb9b09de2bf83a6e') in 0.005616 seconds 
  Import took 0.018435 seconds .

========================================================================
Received Prepare
Registering precompiled user dll's ...
Registered in 0.005168 seconds.
Begin MonoManager ReloadAssembly
Native extension for WindowsStandalone target not found
Refreshing native plugins compatible for Editor in 0.49 ms, found 3 plugins.
Preloading 0 native plugins for Editor in 0.00 ms.
Mono: successfully reloaded assembly
- Completed reload, in  1.329 seconds
Domain Reload Profiling:
	ReloadAssembly (1330ms)
		BeginReloadAssembly (180ms)
			ExecutionOrderSort (0ms)
			DisableScriptedObjects (11ms)
			BackupInstance (0ms)
			ReleaseScriptingObjects (0ms)
			CreateAndSetChildDomain (58ms)
		EndReloadAssembly (1082ms)
			LoadAssemblies (123ms)
			RebuildTransferFunctionScriptingTraits (0ms)
			SetupTypeCache (330ms)
			ReleaseScriptCaches (1ms)
			RebuildScriptCaches (94ms)
			SetupLoadedEditorAssemblies (415ms)
				LogAssemblyErrors (0ms)
				InitializePlatformSupportModulesInManaged (5ms)
				SetLoadedEditorAssemblies (1ms)
				RefreshPlugins (1ms)
				BeforeProcessingInitializeOnLoad (140ms)
				ProcessInitializeOnLoadAttributes (249ms)
				ProcessInitializeOnLoadMethodAttributes (13ms)
				AfterProcessingInitializeOnLoad (7ms)
				EditorAssembliesLoaded (0ms)
			ExecutionOrderSort2 (0ms)
			AwakeInstancesAfterBackupRestoration (11ms)
Platform modules already initialized, skipping
Refreshing native plugins compatible for Editor in 0.54 ms, found 3 plugins.
Preloading 0 native plugins for Editor in 0.00 ms.
Unloading 2200 Unused Serialized files (Serialized files now loaded: 0)
System memory in use before: 98.9 MB.
System memory in use after: 99.0 MB.

Unloading 18 unused Assets to reduce memory usage. Loaded Objects now: 2658.
Total: 4.804100 ms (FindLiveObjects: 0.200100 ms CreateObjectMapping: 0.075200 ms MarkObjects: 4.506600 ms  DeleteObjects: 0.021400 ms)

AssetImportParameters requested are different than current active one (requested -> active):
  custom:framework-win-MediaFoundation: 216162199b28c13a410421893ffa2e32 -> 
  custom:video-decoder-ogg-theora: a1e56fd34408186e4bbccfd4996cb3dc -> 
  custom:container-muxer-webm: aa71ff27fc2769a1b78a27578f13a17b -> 
  custom:container-demuxer-webm: 4f35f7cbe854078d1ac9338744f61a02 -> 
  custom:container-demuxer-ogg: 62fdf1f143b41e24485cea50d1cbac27 -> 
  custom:video-encoder-webm-vp8: eb34c28f22e8b96e1ab97ce403110664 -> 
  custom:video-decoder-webm-vp8: 9c59270c3fd7afecdb556c50c9e8de78 -> 
  custom:audio-decoder-ogg-vorbis: bf7c407c2cedff20999df2af8eb42d56 -> 
  custom:audio-encoder-webm-vorbis: bf7c407c2cedff20999df2af8eb42d56 -> 
========================================================================
Received Prepare
Registering precompiled user dll's ...
Registered in 0.007755 seconds.
Begin MonoManager ReloadAssembly
Native extension for WindowsStandalone target not found
Refreshing native plugins compatible for Editor in 0.88 ms, found 3 plugins.
Preloading 0 native plugins for Editor in 0.00 ms.
Mono: successfully reloaded assembly
- Completed reload, in  1.445 seconds
Domain Reload Profiling:
	ReloadAssembly (1446ms)
		BeginReloadAssembly (127ms)
			ExecutionOrderSort (0ms)
			DisableScriptedObjects (7ms)
			BackupInstance (0ms)
			ReleaseScriptingObjects (0ms)
			CreateAndSetChildDomain (36ms)
		EndReloadAssembly (1231ms)
			LoadAssemblies (99ms)
			RebuildTransferFunctionScriptingTraits (0ms)
			SetupTypeCache (381ms)
			ReleaseScriptCaches (1ms)
			RebuildScriptCaches (64ms)
			SetupLoadedEditorAssemblies (501ms)
				LogAssemblyErrors (0ms)
				InitializePlatformSupportModulesInManaged (7ms)
				SetLoadedEditorAssemblies (1ms)
				RefreshPlugins (1ms)
				BeforeProcessingInitializeOnLoad (132ms)
				ProcessInitializeOnLoadAttributes (335ms)
				ProcessInitializeOnLoadMethodAttributes (16ms)
				AfterProcessingInitializeOnLoad (9ms)
				EditorAssembliesLoaded (0ms)
			ExecutionOrderSort2 (0ms)
			AwakeInstancesAfterBackupRestoration (64ms)
Platform modules already initialized, skipping
Refreshing native plugins compatible for Editor in 0.54 ms, found 3 plugins.
Preloading 0 native plugins for Editor in 0.00 ms.
Unloading 2200 Unused Serialized files (Serialized files now loaded: 0)
System memory in use before: 98.9 MB.
System memory in use after: 99.0 MB.

Unloading 17 unused Assets to reduce memory usage. Loaded Objects now: 2660.
Total: 3.311000 ms (FindLiveObjects: 0.190800 ms CreateObjectMapping: 0.087500 ms MarkObjects: 3.016400 ms  DeleteObjects: 0.015600 ms)

AssetImportParameters requested are different than current active one (requested -> active):
  custom:framework-win-MediaFoundation: 216162199b28c13a410421893ffa2e32 -> 
  custom:video-decoder-ogg-theora: a1e56fd34408186e4bbccfd4996cb3dc -> 
  custom:container-muxer-webm: aa71ff27fc2769a1b78a27578f13a17b -> 
  custom:container-demuxer-webm: 4f35f7cbe854078d1ac9338744f61a02 -> 
  custom:container-demuxer-ogg: 62fdf1f143b41e24485cea50d1cbac27 -> 
  custom:video-encoder-webm-vp8: eb34c28f22e8b96e1ab97ce403110664 -> 
  custom:video-decoder-webm-vp8: 9c59270c3fd7afecdb556c50c9e8de78 -> 
  custom:audio-decoder-ogg-vorbis: bf7c407c2cedff20999df2af8eb42d56 -> 
  custom:audio-encoder-webm-vorbis: bf7c407c2cedff20999df2af8eb42d56 -> 
========================================================================
Received Prepare
Registering precompiled user dll's ...
Registered in 0.005491 seconds.
Begin MonoManager ReloadAssembly
Native extension for WindowsStandalone target not found
Refreshing native plugins compatible for Editor in 0.54 ms, found 3 plugins.
Preloading 0 native plugins for Editor in 0.00 ms.
Mono: successfully reloaded assembly
- Completed reload, in  1.276 seconds
Domain Reload Profiling:
	ReloadAssembly (1276ms)
		BeginReloadAssembly (154ms)
			ExecutionOrderSort (0ms)
			DisableScriptedObjects (15ms)
			BackupInstance (0ms)
			ReleaseScriptingObjects (0ms)
			CreateAndSetChildDomain (52ms)
		EndReloadAssembly (1040ms)
			LoadAssemblies (106ms)
			RebuildTransferFunctionScriptingTraits (0ms)
			SetupTypeCache (321ms)
			ReleaseScriptCaches (1ms)
			RebuildScriptCaches (107ms)
			SetupLoadedEditorAssemblies (365ms)
				LogAssemblyErrors (0ms)
				InitializePlatformSupportModulesInManaged (5ms)
				SetLoadedEditorAssemblies (1ms)
				RefreshPlugins (1ms)
				BeforeProcessingInitializeOnLoad (101ms)
				ProcessInitializeOnLoadAttributes (236ms)
				ProcessInitializeOnLoadMethodAttributes (15ms)
				AfterProcessingInitializeOnLoad (7ms)
				EditorAssembliesLoaded (0ms)
			ExecutionOrderSort2 (0ms)
			AwakeInstancesAfterBackupRestoration (13ms)
Platform modules already initialized, skipping
Refreshing native plugins compatible for Editor in 0.49 ms, found 3 plugins.
Preloading 0 native plugins for Editor in 0.00 ms.
Unloading 2200 Unused Serialized files (Serialized files now loaded: 0)
System memory in use before: 98.9 MB.
System memory in use after: 99.0 MB.

Unloading 17 unused Assets to reduce memory usage. Loaded Objects now: 2662.
Total: 3.029500 ms (FindLiveObjects: 0.170700 ms CreateObjectMapping: 0.109700 ms MarkObjects: 2.733100 ms  DeleteObjects: 0.015200 ms)

AssetImportParameters requested are different than current active one (requested -> active):
  custom:framework-win-MediaFoundation: 216162199b28c13a410421893ffa2e32 -> 
  custom:video-decoder-ogg-theora: a1e56fd34408186e4bbccfd4996cb3dc -> 
  custom:container-muxer-webm: aa71ff27fc2769a1b78a27578f13a17b -> 
  custom:container-demuxer-webm: 4f35f7cbe854078d1ac9338744f61a02 -> 
  custom:container-demuxer-ogg: 62fdf1f143b41e24485cea50d1cbac27 -> 
  custom:video-encoder-webm-vp8: eb34c28f22e8b96e1ab97ce403110664 -> 
  custom:video-decoder-webm-vp8: 9c59270c3fd7afecdb556c50c9e8de78 -> 
  custom:audio-decoder-ogg-vorbis: bf7c407c2cedff20999df2af8eb42d56 -> 
  custom:audio-encoder-webm-vorbis: bf7c407c2cedff20999df2af8eb42d56 -> 
========================================================================
Received Import Request.
  Time since last request: 563.037921 seconds.
  path: Assets/Deer.prefab
  artifactKey: Guid(8171074a586d49341a14a1e21a146044) Importer(815301076,1909f56bfc062723c751e8b465ee728b)
Start importing Assets/Deer.prefab using Guid(8171074a586d49341a14a1e21a146044) Importer(815301076,1909f56bfc062723c751e8b465ee728b)  -> (artifact id: '5fa401d8adf70e6b1dc21d8fd14aafc0') in 0.125552 seconds 
  Import took 0.131385 seconds .

========================================================================
Received Import Request.
  Time since last request: 16.079200 seconds.
  path: Assets/Deer.prefab
  artifactKey: Guid(8171074a586d49341a14a1e21a146044) Importer(815301076,1909f56bfc062723c751e8b465ee728b)
Start importing Assets/Deer.prefab using Guid(8171074a586d49341a14a1e21a146044) Importer(815301076,1909f56bfc062723c751e8b465ee728b)  -> (artifact id: '931766d6c04db1df8f8fc3801b2cc86b') in 0.015895 seconds 
  Import took 0.021503 seconds .

========================================================================
Received Import Request.
  Time since last request: 31.257527 seconds.
  path: Assets/Deer.prefab
  artifactKey: Guid(8171074a586d49341a14a1e21a146044) Importer(815301076,1909f56bfc062723c751e8b465ee728b)
Start importing Assets/Deer.prefab using Guid(8171074a586d49341a14a1e21a146044) Importer(815301076,1909f56bfc062723c751e8b465ee728b)  -> (artifact id: '987748f7f78fdc09eedb9bbf1119d197') in 0.021574 seconds 
  Import took 0.026218 seconds .

========================================================================
Received Import Request.
  Time since last request: 1.790572 seconds.
  path: Assets/Deer.prefab
  artifactKey: Guid(8171074a586d49341a14a1e21a146044) Importer(815301076,1909f56bfc062723c751e8b465ee728b)
Start importing Assets/Deer.prefab using Guid(8171074a586d49341a14a1e21a146044) Importer(815301076,1909f56bfc062723c751e8b465ee728b)  -> (artifact id: '3440d713be7beb51924d3be1e12629d6') in 0.025424 seconds 
  Import took 0.031455 seconds .

========================================================================
Received Import Request.
  Time since last request: 43.948583 seconds.
  path: Assets/Deer.prefab
  artifactKey: Guid(8171074a586d49341a14a1e21a146044) Importer(815301076,1909f56bfc062723c751e8b465ee728b)
Start importing Assets/Deer.prefab using Guid(8171074a586d49341a14a1e21a146044) Importer(815301076,1909f56bfc062723c751e8b465ee728b)  -> (artifact id: 'd50965073eabbc2735fa29d423d32035') in 0.017030 seconds 
  Import took 0.022246 seconds .

========================================================================
Received Import Request.
  Time since last request: 4.833882 seconds.
  path: Assets/Deer.prefab
  artifactKey: Guid(8171074a586d49341a14a1e21a146044) Importer(815301076,1909f56bfc062723c751e8b465ee728b)
Start importing Assets/Deer.prefab using Guid(8171074a586d49341a14a1e21a146044) Importer(815301076,1909f56bfc062723c751e8b465ee728b)  -> (artifact id: '1b3b87fbd0092cdfe9e3843d93b53974') in 0.019175 seconds 
  Import took 0.025989 seconds .

========================================================================
Received Import Request.
  Time since last request: 5.455050 seconds.
  path: Assets/Deer.prefab
  artifactKey: Guid(8171074a586d49341a14a1e21a146044) Importer(815301076,1909f56bfc062723c751e8b465ee728b)
Start importing Assets/Deer.prefab using Guid(8171074a586d49341a14a1e21a146044) Importer(815301076,1909f56bfc062723c751e8b465ee728b)  -> (artifact id: 'c88b18d7fd175025e45e990aba2dbae6') in 0.014650 seconds 
  Import took 0.020918 seconds .

========================================================================
Received Import Request.
  Time since last request: 1.773467 seconds.
  path: Assets/Deer.prefab
  artifactKey: Guid(8171074a586d49341a14a1e21a146044) Importer(815301076,1909f56bfc062723c751e8b465ee728b)
Start importing Assets/Deer.prefab using Guid(8171074a586d49341a14a1e21a146044) Importer(815301076,1909f56bfc062723c751e8b465ee728b)  -> (artifact id: 'e90b2dcc74129409c994818878dc33e9') in 0.018564 seconds 
  Import took 0.024080 seconds .

========================================================================
Received Import Request.
  Time since last request: 9.901860 seconds.
  path: Assets/Deer.prefab
  artifactKey: Guid(8171074a586d49341a14a1e21a146044) Importer(815301076,1909f56bfc062723c751e8b465ee728b)
Start importing Assets/Deer.prefab using Guid(8171074a586d49341a14a1e21a146044) Importer(815301076,1909f56bfc062723c751e8b465ee728b)  -> (artifact id: '1da91b58aa49a588979fc2c6a473f149') in 0.024417 seconds 
  Import took 0.031992 seconds .

========================================================================
Received Import Request.
  Time since last request: 1.173495 seconds.
  path: Assets/Deer.prefab
  artifactKey: Guid(8171074a586d49341a14a1e21a146044) Importer(815301076,1909f56bfc062723c751e8b465ee728b)
Start importing Assets/Deer.prefab using Guid(8171074a586d49341a14a1e21a146044) Importer(815301076,1909f56bfc062723c751e8b465ee728b)  -> (artifact id: '5b89a343855e2cb9027fefb4fbb89480') in 0.021264 seconds 
  Import took 0.025858 seconds .

========================================================================
Received Prepare
Registering precompiled user dll's ...
Registered in 0.006831 seconds.
Begin MonoManager ReloadAssembly
Native extension for WindowsStandalone target not found
Refreshing native plugins compatible for Editor in 0.48 ms, found 3 plugins.
Preloading 0 native plugins for Editor in 0.00 ms.
Mono: successfully reloaded assembly
- Completed reload, in  1.355 seconds
Domain Reload Profiling:
	ReloadAssembly (1356ms)
		BeginReloadAssembly (143ms)
			ExecutionOrderSort (0ms)
			DisableScriptedObjects (12ms)
			BackupInstance (0ms)
			ReleaseScriptingObjects (0ms)
			CreateAndSetChildDomain (41ms)
		EndReloadAssembly (1137ms)
			LoadAssemblies (109ms)
			RebuildTransferFunctionScriptingTraits (0ms)
			SetupTypeCache (333ms)
			ReleaseScriptCaches (2ms)
			RebuildScriptCaches (87ms)
			SetupLoadedEditorAssemblies (462ms)
				LogAssemblyErrors (0ms)
				InitializePlatformSupportModulesInManaged (5ms)
				SetLoadedEditorAssemblies (1ms)
				RefreshPlugins (1ms)
				BeforeProcessingInitializeOnLoad (132ms)
				ProcessInitializeOnLoadAttributes (297ms)
				ProcessInitializeOnLoadMethodAttributes (20ms)
				AfterProcessingInitializeOnLoad (8ms)
				EditorAssembliesLoaded (0ms)
			ExecutionOrderSort2 (0ms)
			AwakeInstancesAfterBackupRestoration (11ms)
Platform modules already initialized, skipping
Refreshing native plugins compatible for Editor in 0.89 ms, found 3 plugins.
Preloading 0 native plugins for Editor in 0.00 ms.
Unloading 2200 Unused Serialized files (Serialized files now loaded: 0)
System memory in use before: 99.0 MB.
System memory in use after: 99.1 MB.

Unloading 17 unused Assets to reduce memory usage. Loaded Objects now: 2665.
Total: 5.804500 ms (FindLiveObjects: 0.221500 ms CreateObjectMapping: 0.104500 ms MarkObjects: 5.449700 ms  DeleteObjects: 0.027300 ms)

AssetImportParameters requested are different than current active one (requested -> active):
  custom:framework-win-MediaFoundation: 216162199b28c13a410421893ffa2e32 -> 
  custom:video-decoder-ogg-theora: a1e56fd34408186e4bbccfd4996cb3dc -> 
  custom:container-muxer-webm: aa71ff27fc2769a1b78a27578f13a17b -> 
  custom:container-demuxer-webm: 4f35f7cbe854078d1ac9338744f61a02 -> 
  custom:container-demuxer-ogg: 62fdf1f143b41e24485cea50d1cbac27 -> 
  custom:video-encoder-webm-vp8: eb34c28f22e8b96e1ab97ce403110664 -> 
  custom:video-decoder-webm-vp8: 9c59270c3fd7afecdb556c50c9e8de78 -> 
  custom:audio-decoder-ogg-vorbis: bf7c407c2cedff20999df2af8eb42d56 -> 
  custom:audio-encoder-webm-vorbis: bf7c407c2cedff20999df2af8eb42d56 -> 
========================================================================
Received Import Request.
  Time since last request: 136.255921 seconds.
  path: Assets/Wolf.prefab
  artifactKey: Guid(4ccf1def6275d6b4db960aa8bf81aafa) Importer(815301076,1909f56bfc062723c751e8b465ee728b)
Start importing Assets/Wolf.prefab using Guid(4ccf1def6275d6b4db960aa8bf81aafa) Importer(815301076,1909f56bfc062723c751e8b465ee728b)  -> (artifact id: '5e0415e316645bef7502b7c3a09ede19') in 0.093168 seconds 
  Import took 0.098194 seconds .

========================================================================
Received Prepare
Registering precompiled user dll's ...
Registered in 0.005476 seconds.
Begin MonoManager ReloadAssembly
Native extension for WindowsStandalone target not found
Refreshing native plugins compatible for Editor in 0.60 ms, found 3 plugins.
Preloading 0 native plugins for Editor in 0.00 ms.
Mono: successfully reloaded assembly
- Completed reload, in  1.327 seconds
Domain Reload Profiling:
	ReloadAssembly (1327ms)
		BeginReloadAssembly (128ms)
			ExecutionOrderSort (0ms)
			DisableScriptedObjects (6ms)
			BackupInstance (0ms)
			ReleaseScriptingObjects (0ms)
			CreateAndSetChildDomain (39ms)
		EndReloadAssembly (1127ms)
			LoadAssemblies (100ms)
			RebuildTransferFunctionScriptingTraits (0ms)
			SetupTypeCache (398ms)
			ReleaseScriptCaches (1ms)
			RebuildScriptCaches (85ms)
			SetupLoadedEditorAssemblies (363ms)
				LogAssemblyErrors (0ms)
				InitializePlatformSupportModulesInManaged (6ms)
				SetLoadedEditorAssemblies (1ms)
				RefreshPlugins (1ms)
				BeforeProcessingInitializeOnLoad (104ms)
				ProcessInitializeOnLoadAttributes (232ms)
				ProcessInitializeOnLoadMethodAttributes (13ms)
				AfterProcessingInitializeOnLoad (6ms)
				EditorAssembliesLoaded (0ms)
			ExecutionOrderSort2 (0ms)
			AwakeInstancesAfterBackupRestoration (10ms)
Platform modules already initialized, skipping
Refreshing native plugins compatible for Editor in 0.57 ms, found 3 plugins.
Preloading 0 native plugins for Editor in 0.00 ms.
Unloading 2200 Unused Serialized files (Serialized files now loaded: 0)
System memory in use before: 99.0 MB.
System memory in use after: 99.1 MB.

Unloading 17 unused Assets to reduce memory usage. Loaded Objects now: 2668.
Total: 3.470900 ms (FindLiveObjects: 0.212200 ms CreateObjectMapping: 0.092400 ms MarkObjects: 3.147500 ms  DeleteObjects: 0.017600 ms)

AssetImportParameters requested are different than current active one (requested -> active):
  custom:framework-win-MediaFoundation: 216162199b28c13a410421893ffa2e32 -> 
  custom:video-decoder-ogg-theora: a1e56fd34408186e4bbccfd4996cb3dc -> 
  custom:container-muxer-webm: aa71ff27fc2769a1b78a27578f13a17b -> 
  custom:container-demuxer-webm: 4f35f7cbe854078d1ac9338744f61a02 -> 
  custom:container-demuxer-ogg: 62fdf1f143b41e24485cea50d1cbac27 -> 
  custom:video-encoder-webm-vp8: eb34c28f22e8b96e1ab97ce403110664 -> 
  custom:video-decoder-webm-vp8: 9c59270c3fd7afecdb556c50c9e8de78 -> 
  custom:audio-decoder-ogg-vorbis: bf7c407c2cedff20999df2af8eb42d56 -> 
  custom:audio-encoder-webm-vorbis: bf7c407c2cedff20999df2af8eb42d56 -> 
========================================================================
Received Import Request.
  Time since last request: 37.673889 seconds.
  path: Assets/Wolf.prefab
  artifactKey: Guid(4ccf1def6275d6b4db960aa8bf81aafa) Importer(815301076,1909f56bfc062723c751e8b465ee728b)
Start importing Assets/Wolf.prefab using Guid(4ccf1def6275d6b4db960aa8bf81aafa) Importer(815301076,1909f56bfc062723c751e8b465ee728b)  -> (artifact id: '5fac736c073c846e71364d3ad1dcc129') in 0.125567 seconds 
  Import took 0.130461 seconds .

========================================================================
Received Import Request.
  Time since last request: 10.876654 seconds.
  path: Assets/Deer.prefab
  artifactKey: Guid(8171074a586d49341a14a1e21a146044) Importer(815301076,1909f56bfc062723c751e8b465ee728b)
Start importing Assets/Deer.prefab using Guid(8171074a586d49341a14a1e21a146044) Importer(815301076,1909f56bfc062723c751e8b465ee728b)  -> (artifact id: '1d6fd824a0309be3c32fb5d017496164') in 0.023133 seconds 
  Import took 0.029135 seconds .

========================================================================
Received Import Request.
  Time since last request: 1.170906 seconds.
  path: Assets/Deer.prefab
  artifactKey: Guid(8171074a586d49341a14a1e21a146044) Importer(815301076,1909f56bfc062723c751e8b465ee728b)
Start importing Assets/Deer.prefab using Guid(8171074a586d49341a14a1e21a146044) Importer(815301076,1909f56bfc062723c751e8b465ee728b)  -> (artifact id: '2db9ec9a3a730434d62c364ad64d8745') in 0.020848 seconds 
  Import took 0.025947 seconds .

========================================================================
Received Prepare
Registering precompiled user dll's ...
Registered in 0.005254 seconds.
Begin MonoManager ReloadAssembly
Native extension for WindowsStandalone target not found
Refreshing native plugins compatible for Editor in 0.54 ms, found 3 plugins.
Preloading 0 native plugins for Editor in 0.00 ms.
Mono: successfully reloaded assembly
- Completed reload, in  1.427 seconds
Domain Reload Profiling:
	ReloadAssembly (1427ms)
		BeginReloadAssembly (172ms)
			ExecutionOrderSort (0ms)
			DisableScriptedObjects (8ms)
			BackupInstance (0ms)
			ReleaseScriptingObjects (0ms)
			CreateAndSetChildDomain (57ms)
		EndReloadAssembly (1171ms)
			LoadAssemblies (125ms)
			RebuildTransferFunctionScriptingTraits (0ms)
			SetupTypeCache (441ms)
			ReleaseScriptCaches (1ms)
			RebuildScriptCaches (60ms)
			SetupLoadedEditorAssemblies (436ms)
				LogAssemblyErrors (0ms)
				InitializePlatformSupportModulesInManaged (5ms)
				SetLoadedEditorAssemblies (1ms)
				RefreshPlugins (1ms)
				BeforeProcessingInitializeOnLoad (140ms)
				ProcessInitializeOnLoadAttributes (269ms)
				ProcessInitializeOnLoadMethodAttributes (13ms)
				AfterProcessingInitializeOnLoad (7ms)
				EditorAssembliesLoaded (0ms)
			ExecutionOrderSort2 (0ms)
			AwakeInstancesAfterBackupRestoration (11ms)
Platform modules already initialized, skipping
Refreshing native plugins compatible for Editor in 0.66 ms, found 3 plugins.
Preloading 0 native plugins for Editor in 0.00 ms.
Unloading 2200 Unused Serialized files (Serialized files now loaded: 0)
System memory in use before: 99.0 MB.
System memory in use after: 99.1 MB.

Unloading 17 unused Assets to reduce memory usage. Loaded Objects now: 2671.
Total: 5.963900 ms (FindLiveObjects: 0.285600 ms CreateObjectMapping: 0.248300 ms MarkObjects: 5.399400 ms  DeleteObjects: 0.028800 ms)

AssetImportParameters requested are different than current active one (requested -> active):
  custom:framework-win-MediaFoundation: 216162199b28c13a410421893ffa2e32 -> 
  custom:video-decoder-ogg-theora: a1e56fd34408186e4bbccfd4996cb3dc -> 
  custom:container-muxer-webm: aa71ff27fc2769a1b78a27578f13a17b -> 
  custom:container-demuxer-webm: 4f35f7cbe854078d1ac9338744f61a02 -> 
  custom:container-demuxer-ogg: 62fdf1f143b41e24485cea50d1cbac27 -> 
  custom:video-encoder-webm-vp8: eb34c28f22e8b96e1ab97ce403110664 -> 
  custom:video-decoder-webm-vp8: 9c59270c3fd7afecdb556c50c9e8de78 -> 
  custom:audio-decoder-ogg-vorbis: bf7c407c2cedff20999df2af8eb42d56 -> 
  custom:audio-encoder-webm-vorbis: bf7c407c2cedff20999df2af8eb42d56 -> 
========================================================================
Received Import Request.
  Time since last request: 57.069629 seconds.
  path: Assets/Deer.prefab
  artifactKey: Guid(8171074a586d49341a14a1e21a146044) Importer(815301076,1909f56bfc062723c751e8b465ee728b)
Start importing Assets/Deer.prefab using Guid(8171074a586d49341a14a1e21a146044) Importer(815301076,1909f56bfc062723c751e8b465ee728b)  -> (artifact id: '450d7ebb1de7a65b6605b8a54a3fdd2f') in 0.095700 seconds 
  Import took 0.102677 seconds .

========================================================================
Received Import Request.
  Time since last request: 6.692487 seconds.
  path: Assets/GroupOfDeers.prefab
  artifactKey: Guid(7b749d906d5957c46aeb3409ea5425d3) Importer(815301076,1909f56bfc062723c751e8b465ee728b)
Start importing Assets/GroupOfDeers.prefab using Guid(7b749d906d5957c46aeb3409ea5425d3) Importer(815301076,1909f56bfc062723c751e8b465ee728b)  -> (artifact id: '6a8dd840703fb4a498b30befb1f8c4c1') in 0.010392 seconds 
  Import took 0.018652 seconds .

========================================================================
Received Prepare
Registering precompiled user dll's ...
Registered in 0.005919 seconds.
Begin MonoManager ReloadAssembly
Native extension for WindowsStandalone target not found
Refreshing native plugins compatible for Editor in 0.55 ms, found 3 plugins.
Preloading 0 native plugins for Editor in 0.00 ms.
Mono: successfully reloaded assembly
- Completed reload, in  1.388 seconds
Domain Reload Profiling:
	ReloadAssembly (1389ms)
		BeginReloadAssembly (151ms)
			ExecutionOrderSort (0ms)
			DisableScriptedObjects (13ms)
			BackupInstance (0ms)
			ReleaseScriptingObjects (0ms)
			CreateAndSetChildDomain (41ms)
		EndReloadAssembly (1148ms)
			LoadAssemblies (139ms)
			RebuildTransferFunctionScriptingTraits (0ms)
			SetupTypeCache (407ms)
			ReleaseScriptCaches (1ms)
			RebuildScriptCaches (58ms)
			SetupLoadedEditorAssemblies (429ms)
				LogAssemblyErrors (0ms)
				InitializePlatformSupportModulesInManaged (5ms)
				SetLoadedEditorAssemblies (1ms)
				RefreshPlugins (1ms)
				BeforeProcessingInitializeOnLoad (105ms)
				ProcessInitializeOnLoadAttributes (291ms)
				ProcessInitializeOnLoadMethodAttributes (16ms)
				AfterProcessingInitializeOnLoad (9ms)
				EditorAssembliesLoaded (0ms)
			ExecutionOrderSort2 (0ms)
			AwakeInstancesAfterBackupRestoration (12ms)
Platform modules already initialized, skipping
Refreshing native plugins compatible for Editor in 0.53 ms, found 3 plugins.
Preloading 0 native plugins for Editor in 0.00 ms.
Unloading 2200 Unused Serialized files (Serialized files now loaded: 0)
System memory in use before: 99.1 MB.
System memory in use after: 99.2 MB.

Unloading 17 unused Assets to reduce memory usage. Loaded Objects now: 2674.
Total: 3.314900 ms (FindLiveObjects: 0.192500 ms CreateObjectMapping: 0.082500 ms MarkObjects: 3.020900 ms  DeleteObjects: 0.018200 ms)

AssetImportParameters requested are different than current active one (requested -> active):
  custom:framework-win-MediaFoundation: 216162199b28c13a410421893ffa2e32 -> 
  custom:video-decoder-ogg-theora: a1e56fd34408186e4bbccfd4996cb3dc -> 
  custom:container-muxer-webm: aa71ff27fc2769a1b78a27578f13a17b -> 
  custom:container-demuxer-webm: 4f35f7cbe854078d1ac9338744f61a02 -> 
  custom:container-demuxer-ogg: 62fdf1f143b41e24485cea50d1cbac27 -> 
  custom:video-encoder-webm-vp8: eb34c28f22e8b96e1ab97ce403110664 -> 
  custom:video-decoder-webm-vp8: 9c59270c3fd7afecdb556c50c9e8de78 -> 
  custom:audio-decoder-ogg-vorbis: bf7c407c2cedff20999df2af8eb42d56 -> 
  custom:audio-encoder-webm-vorbis: bf7c407c2cedff20999df2af8eb42d56 -> 
========================================================================
Received Import Request.
  Time since last request: 100.114029 seconds.
  path: Assets/Bullet.prefab
  artifactKey: Guid(a0de393fb187b8946b88dcbdb907b6d6) Importer(815301076,1909f56bfc062723c751e8b465ee728b)
Start importing Assets/Bullet.prefab using Guid(a0de393fb187b8946b88dcbdb907b6d6) Importer(815301076,1909f56bfc062723c751e8b465ee728b)  -> (artifact id: '376e7dc2bbab31c7c03031058ff5f8a7') in 0.075674 seconds 
  Import took 0.080770 seconds .

========================================================================
Received Prepare
Registering precompiled user dll's ...
Registered in 0.004918 seconds.
Begin MonoManager ReloadAssembly
Native extension for WindowsStandalone target not found
Refreshing native plugins compatible for Editor in 0.74 ms, found 3 plugins.
Preloading 0 native plugins for Editor in 0.00 ms.
Mono: successfully reloaded assembly
- Completed reload, in  1.440 seconds
Domain Reload Profiling:
	ReloadAssembly (1440ms)
		BeginReloadAssembly (152ms)
			ExecutionOrderSort (0ms)
			DisableScriptedObjects (9ms)
			BackupInstance (0ms)
			ReleaseScriptingObjects (0ms)
			CreateAndSetChildDomain (44ms)
		EndReloadAssembly (1212ms)
			LoadAssemblies (119ms)
			RebuildTransferFunctionScriptingTraits (0ms)
			SetupTypeCache (396ms)
			ReleaseScriptCaches (1ms)
			RebuildScriptCaches (94ms)
			SetupLoadedEditorAssemblies (412ms)
				LogAssemblyErrors (0ms)
				InitializePlatformSupportModulesInManaged (7ms)
				SetLoadedEditorAssemblies (1ms)
				RefreshPlugins (1ms)
				BeforeProcessingInitializeOnLoad (127ms)
				ProcessInitializeOnLoadAttributes (254ms)
				ProcessInitializeOnLoadMethodAttributes (15ms)
				AfterProcessingInitializeOnLoad (8ms)
				EditorAssembliesLoaded (0ms)
			ExecutionOrderSort2 (0ms)
			AwakeInstancesAfterBackupRestoration (10ms)
Platform modules already initialized, skipping
Refreshing native plugins compatible for Editor in 0.83 ms, found 3 plugins.
Preloading 0 native plugins for Editor in 0.00 ms.
Unloading 2200 Unused Serialized files (Serialized files now loaded: 0)
System memory in use before: 99.1 MB.
System memory in use after: 99.2 MB.

Unloading 17 unused Assets to reduce memory usage. Loaded Objects now: 2677.
Total: 3.309800 ms (FindLiveObjects: 0.185500 ms CreateObjectMapping: 0.080900 ms MarkObjects: 3.023800 ms  DeleteObjects: 0.018700 ms)

AssetImportParameters requested are different than current active one (requested -> active):
  custom:framework-win-MediaFoundation: 216162199b28c13a410421893ffa2e32 -> 
  custom:video-decoder-ogg-theora: a1e56fd34408186e4bbccfd4996cb3dc -> 
  custom:container-muxer-webm: aa71ff27fc2769a1b78a27578f13a17b -> 
  custom:container-demuxer-webm: 4f35f7cbe854078d1ac9338744f61a02 -> 
  custom:container-demuxer-ogg: 62fdf1f143b41e24485cea50d1cbac27 -> 
  custom:video-encoder-webm-vp8: eb34c28f22e8b96e1ab97ce403110664 -> 
  custom:video-decoder-webm-vp8: 9c59270c3fd7afecdb556c50c9e8de78 -> 
  custom:audio-decoder-ogg-vorbis: bf7c407c2cedff20999df2af8eb42d56 -> 
  custom:audio-encoder-webm-vorbis: bf7c407c2cedff20999df2af8eb42d56 -> 
========================================================================
Received Import Request.
  Time since last request: 194.238876 seconds.
  path: Assets/GroupOfDeers.prefab
  artifactKey: Guid(7b749d906d5957c46aeb3409ea5425d3) Importer(815301076,1909f56bfc062723c751e8b465ee728b)
Start importing Assets/GroupOfDeers.prefab using Guid(7b749d906d5957c46aeb3409ea5425d3) Importer(815301076,1909f56bfc062723c751e8b465ee728b)  -> (artifact id: 'b96c1deff015960d190ddfce4e31a610') in 0.028838 seconds 
  Import took 0.033059 seconds .

========================================================================
Received Import Request.
  Time since last request: 7.495262 seconds.
  path: Assets/GroupOfDeers.prefab
  artifactKey: Guid(7b749d906d5957c46aeb3409ea5425d3) Importer(815301076,1909f56bfc062723c751e8b465ee728b)
Start importing Assets/GroupOfDeers.prefab using Guid(7b749d906d5957c46aeb3409ea5425d3) Importer(815301076,1909f56bfc062723c751e8b465ee728b)  -> (artifact id: 'a716550462008c5700ff19afa416c730') in 0.008095 seconds 
  Import took 0.013503 seconds .

========================================================================
Received Prepare
Registering precompiled user dll's ...
Registered in 0.004723 seconds.
Begin MonoManager ReloadAssembly
Native extension for WindowsStandalone target not found
Refreshing native plugins compatible for Editor in 0.90 ms, found 3 plugins.
Preloading 0 native plugins for Editor in 0.00 ms.
Mono: successfully reloaded assembly
- Completed reload, in  1.292 seconds
Domain Reload Profiling:
	ReloadAssembly (1292ms)
		BeginReloadAssembly (123ms)
			ExecutionOrderSort (0ms)
			DisableScriptedObjects (7ms)
			BackupInstance (0ms)
			ReleaseScriptingObjects (0ms)
			CreateAndSetChildDomain (34ms)
		EndReloadAssembly (1093ms)
			LoadAssemblies (96ms)
			RebuildTransferFunctionScriptingTraits (0ms)
			SetupTypeCache (366ms)
			ReleaseScriptCaches (1ms)
			RebuildScriptCaches (57ms)
			SetupLoadedEditorAssemblies (434ms)
				LogAssemblyErrors (0ms)
				InitializePlatformSupportModulesInManaged (9ms)
				SetLoadedEditorAssemblies (1ms)
				RefreshPlugins (1ms)
				BeforeProcessingInitializeOnLoad (116ms)
				ProcessInitializeOnLoadAttributes (287ms)
				ProcessInitializeOnLoadMethodAttributes (13ms)
				AfterProcessingInitializeOnLoad (7ms)
				EditorAssembliesLoaded (0ms)
			ExecutionOrderSort2 (0ms)
			AwakeInstancesAfterBackupRestoration (11ms)
Platform modules already initialized, skipping
Refreshing native plugins compatible for Editor in 0.63 ms, found 3 plugins.
Preloading 0 native plugins for Editor in 0.00 ms.
Unloading 2200 Unused Serialized files (Serialized files now loaded: 0)
System memory in use before: 99.1 MB.
System memory in use after: 99.2 MB.

Unloading 17 unused Assets to reduce memory usage. Loaded Objects now: 2679.
Total: 4.303900 ms (FindLiveObjects: 0.272200 ms CreateObjectMapping: 0.129200 ms MarkObjects: 3.882200 ms  DeleteObjects: 0.019000 ms)

AssetImportParameters requested are different than current active one (requested -> active):
  custom:framework-win-MediaFoundation: 216162199b28c13a410421893ffa2e32 -> 
  custom:video-decoder-ogg-theora: a1e56fd34408186e4bbccfd4996cb3dc -> 
  custom:container-muxer-webm: aa71ff27fc2769a1b78a27578f13a17b -> 
  custom:container-demuxer-webm: 4f35f7cbe854078d1ac9338744f61a02 -> 
  custom:container-demuxer-ogg: 62fdf1f143b41e24485cea50d1cbac27 -> 
  custom:video-encoder-webm-vp8: eb34c28f22e8b96e1ab97ce403110664 -> 
  custom:video-decoder-webm-vp8: 9c59270c3fd7afecdb556c50c9e8de78 -> 
  custom:audio-decoder-ogg-vorbis: bf7c407c2cedff20999df2af8eb42d56 -> 
  custom:audio-encoder-webm-vorbis: bf7c407c2cedff20999df2af8eb42d56 -> 
========================================================================
Received Prepare
Registering precompiled user dll's ...
Registered in 0.004964 seconds.
Begin MonoManager ReloadAssembly
Native extension for WindowsStandalone target not found
Refreshing native plugins compatible for Editor in 0.78 ms, found 3 plugins.
Preloading 0 native plugins for Editor in 0.00 ms.
Mono: successfully reloaded assembly
- Completed reload, in  1.347 seconds
Domain Reload Profiling:
	ReloadAssembly (1347ms)
		BeginReloadAssembly (116ms)
			ExecutionOrderSort (0ms)
			DisableScriptedObjects (8ms)
			BackupInstance (0ms)
			ReleaseScriptingObjects (0ms)
			CreateAndSetChildDomain (34ms)
		EndReloadAssembly (1145ms)
			LoadAssemblies (125ms)
			RebuildTransferFunctionScriptingTraits (0ms)
			SetupTypeCache (396ms)
			ReleaseScriptCaches (1ms)
			RebuildScriptCaches (59ms)
			SetupLoadedEditorAssemblies (434ms)
				LogAssemblyErrors (0ms)
				InitializePlatformSupportModulesInManaged (6ms)
				SetLoadedEditorAssemblies (1ms)
				RefreshPlugins (1ms)
				BeforeProcessingInitializeOnLoad (115ms)
				ProcessInitializeOnLoadAttributes (291ms)
				ProcessInitializeOnLoadMethodAttributes (14ms)
				AfterProcessingInitializeOnLoad (7ms)
				EditorAssembliesLoaded (0ms)
			ExecutionOrderSort2 (0ms)
			AwakeInstancesAfterBackupRestoration (10ms)
Platform modules already initialized, skipping
Refreshing native plugins compatible for Editor in 0.95 ms, found 3 plugins.
Preloading 0 native plugins for Editor in 0.00 ms.
Unloading 2200 Unused Serialized files (Serialized files now loaded: 0)
System memory in use before: 99.1 MB.
System memory in use after: 99.2 MB.

Unloading 17 unused Assets to reduce memory usage. Loaded Objects now: 2681.
Total: 7.103700 ms (FindLiveObjects: 0.338400 ms CreateObjectMapping: 0.156400 ms MarkObjects: 6.578500 ms  DeleteObjects: 0.028800 ms)

AssetImportParameters requested are different than current active one (requested -> active):
  custom:framework-win-MediaFoundation: 216162199b28c13a410421893ffa2e32 -> 
  custom:video-decoder-ogg-theora: a1e56fd34408186e4bbccfd4996cb3dc -> 
  custom:container-muxer-webm: aa71ff27fc2769a1b78a27578f13a17b -> 
  custom:container-demuxer-webm: 4f35f7cbe854078d1ac9338744f61a02 -> 
  custom:container-demuxer-ogg: 62fdf1f143b41e24485cea50d1cbac27 -> 
  custom:video-encoder-webm-vp8: eb34c28f22e8b96e1ab97ce403110664 -> 
  custom:video-decoder-webm-vp8: 9c59270c3fd7afecdb556c50c9e8de78 -> 
  custom:audio-decoder-ogg-vorbis: bf7c407c2cedff20999df2af8eb42d56 -> 
  custom:audio-encoder-webm-vorbis: bf7c407c2cedff20999df2af8eb42d56 -> 
========================================================================
Received Prepare
Registering precompiled user dll's ...
Registered in 0.004938 seconds.
Begin MonoManager ReloadAssembly
Native extension for WindowsStandalone target not found
Refreshing native plugins compatible for Editor in 0.53 ms, found 3 plugins.
Preloading 0 native plugins for Editor in 0.00 ms.
Mono: successfully reloaded assembly
- Completed reload, in  1.411 seconds
Domain Reload Profiling:
	ReloadAssembly (1412ms)
		BeginReloadAssembly (143ms)
			ExecutionOrderSort (0ms)
			DisableScriptedObjects (8ms)
			BackupInstance (0ms)
			ReleaseScriptingObjects (0ms)
			CreateAndSetChildDomain (42ms)
		EndReloadAssembly (1186ms)
			LoadAssemblies (110ms)
			RebuildTransferFunctionScriptingTraits (0ms)
			SetupTypeCache (449ms)
			ReleaseScriptCaches (1ms)
			RebuildScriptCaches (73ms)
			SetupLoadedEditorAssemblies (422ms)
				LogAssemblyErrors (0ms)
				InitializePlatformSupportModulesInManaged (5ms)
				SetLoadedEditorAssemblies (1ms)
				RefreshPlugins (1ms)
				BeforeProcessingInitializeOnLoad (133ms)
				ProcessInitializeOnLoadAttributes (260ms)
				ProcessInitializeOnLoadMethodAttributes (15ms)
				AfterProcessingInitializeOnLoad (8ms)
				EditorAssembliesLoaded (0ms)
			ExecutionOrderSort2 (0ms)
			AwakeInstancesAfterBackupRestoration (15ms)
Platform modules already initialized, skipping
Refreshing native plugins compatible for Editor in 0.53 ms, found 3 plugins.
Preloading 0 native plugins for Editor in 0.00 ms.
Unloading 2200 Unused Serialized files (Serialized files now loaded: 0)
System memory in use before: 99.1 MB.
System memory in use after: 99.2 MB.

Unloading 17 unused Assets to reduce memory usage. Loaded Objects now: 2683.
Total: 3.554000 ms (FindLiveObjects: 0.627400 ms CreateObjectMapping: 0.168300 ms MarkObjects: 2.741800 ms  DeleteObjects: 0.014900 ms)

AssetImportParameters requested are different than current active one (requested -> active):
  custom:framework-win-MediaFoundation: 216162199b28c13a410421893ffa2e32 -> 
  custom:video-decoder-ogg-theora: a1e56fd34408186e4bbccfd4996cb3dc -> 
  custom:container-muxer-webm: aa71ff27fc2769a1b78a27578f13a17b -> 
  custom:container-demuxer-webm: 4f35f7cbe854078d1ac9338744f61a02 -> 
  custom:container-demuxer-ogg: 62fdf1f143b41e24485cea50d1cbac27 -> 
  custom:video-encoder-webm-vp8: eb34c28f22e8b96e1ab97ce403110664 -> 
  custom:video-decoder-webm-vp8: 9c59270c3fd7afecdb556c50c9e8de78 -> 
  custom:audio-decoder-ogg-vorbis: bf7c407c2cedff20999df2af8eb42d56 -> 
  custom:audio-encoder-webm-vorbis: bf7c407c2cedff20999df2af8eb42d56 -> 
========================================================================
Received Import Request.
  Time since last request: 184.022693 seconds.
  path: Assets/Rabbit.prefab
  artifactKey: Guid(0bee2cff2f2da5a40af1bca9c959f25f) Importer(815301076,1909f56bfc062723c751e8b465ee728b)
Start importing Assets/Rabbit.prefab using Guid(0bee2cff2f2da5a40af1bca9c959f25f) Importer(815301076,1909f56bfc062723c751e8b465ee728b)  -> (artifact id: '2204305e24c1cccd289fafd9597236d5') in 0.067521 seconds 
  Import took 0.071372 seconds .

========================================================================
Received Prepare
Registering precompiled user dll's ...
Registered in 0.005516 seconds.
Begin MonoManager ReloadAssembly
Native extension for WindowsStandalone target not found
Refreshing native plugins compatible for Editor in 0.79 ms, found 3 plugins.
Preloading 0 native plugins for Editor in 0.00 ms.
Mono: successfully reloaded assembly
- Completed reload, in  2.013 seconds
Domain Reload Profiling:
	ReloadAssembly (2014ms)
		BeginReloadAssembly (174ms)
			ExecutionOrderSort (0ms)
			DisableScriptedObjects (7ms)
			BackupInstance (0ms)
			ReleaseScriptingObjects (0ms)
			CreateAndSetChildDomain (49ms)
		EndReloadAssembly (1723ms)
			LoadAssemblies (164ms)
			RebuildTransferFunctionScriptingTraits (0ms)
			SetupTypeCache (603ms)
			ReleaseScriptCaches (2ms)
			RebuildScriptCaches (92ms)
			SetupLoadedEditorAssemblies (659ms)
				LogAssemblyErrors (0ms)
				InitializePlatformSupportModulesInManaged (9ms)
				SetLoadedEditorAssemblies (1ms)
				RefreshPlugins (1ms)
				BeforeProcessingInitializeOnLoad (237ms)
				ProcessInitializeOnLoadAttributes (381ms)
				ProcessInitializeOnLoadMethodAttributes (21ms)
				AfterProcessingInitializeOnLoad (8ms)
				EditorAssembliesLoaded (0ms)
			ExecutionOrderSort2 (0ms)
			AwakeInstancesAfterBackupRestoration (17ms)
Platform modules already initialized, skipping
Refreshing native plugins compatible for Editor in 1.09 ms, found 3 plugins.
Preloading 0 native plugins for Editor in 0.00 ms.
Unloading 2200 Unused Serialized files (Serialized files now loaded: 0)
System memory in use before: 99.1 MB.
System memory in use after: 99.2 MB.

Unloading 17 unused Assets to reduce memory usage. Loaded Objects now: 2686.
Total: 4.876700 ms (FindLiveObjects: 0.439900 ms CreateObjectMapping: 0.151200 ms MarkObjects: 4.233300 ms  DeleteObjects: 0.049300 ms)

AssetImportParameters requested are different than current active one (requested -> active):
  custom:framework-win-MediaFoundation: 216162199b28c13a410421893ffa2e32 -> 
  custom:video-decoder-ogg-theora: a1e56fd34408186e4bbccfd4996cb3dc -> 
  custom:container-muxer-webm: aa71ff27fc2769a1b78a27578f13a17b -> 
  custom:container-demuxer-webm: 4f35f7cbe854078d1ac9338744f61a02 -> 
  custom:container-demuxer-ogg: 62fdf1f143b41e24485cea50d1cbac27 -> 
  custom:video-encoder-webm-vp8: eb34c28f22e8b96e1ab97ce403110664 -> 
  custom:video-decoder-webm-vp8: 9c59270c3fd7afecdb556c50c9e8de78 -> 
  custom:audio-decoder-ogg-vorbis: bf7c407c2cedff20999df2af8eb42d56 -> 
  custom:audio-encoder-webm-vorbis: bf7c407c2cedff20999df2af8eb42d56 -> 
========================================================================
Received Import Request.
  Time since last request: 215.772346 seconds.
  path: Assets/Bullet.prefab
  artifactKey: Guid(a0de393fb187b8946b88dcbdb907b6d6) Importer(815301076,1909f56bfc062723c751e8b465ee728b)
Start importing Assets/Bullet.prefab using Guid(a0de393fb187b8946b88dcbdb907b6d6) Importer(815301076,1909f56bfc062723c751e8b465ee728b)  -> (artifact id: '81358450546c43f2dc0737be4a7631a1') in 0.072195 seconds 
  Import took 0.078740 seconds .

========================================================================
Received Prepare
Registering precompiled user dll's ...
Registered in 0.006096 seconds.
Begin MonoManager ReloadAssembly
Native extension for WindowsStandalone target not found
Refreshing native plugins compatible for Editor in 0.53 ms, found 3 plugins.
Preloading 0 native plugins for Editor in 0.00 ms.
Mono: successfully reloaded assembly
- Completed reload, in  1.551 seconds
Domain Reload Profiling:
	ReloadAssembly (1552ms)
		BeginReloadAssembly (268ms)
			ExecutionOrderSort (0ms)
			DisableScriptedObjects (13ms)
			BackupInstance (0ms)
			ReleaseScriptingObjects (0ms)
			CreateAndSetChildDomain (79ms)
		EndReloadAssembly (1175ms)
			LoadAssemblies (191ms)
			RebuildTransferFunctionScriptingTraits (0ms)
			SetupTypeCache (429ms)
			ReleaseScriptCaches (2ms)
			RebuildScriptCaches (74ms)
			SetupLoadedEditorAssemblies (427ms)
				LogAssemblyErrors (0ms)
				InitializePlatformSupportModulesInManaged (5ms)
				SetLoadedEditorAssemblies (1ms)
				RefreshPlugins (1ms)
				BeforeProcessingInitializeOnLoad (134ms)
				ProcessInitializeOnLoadAttributes (268ms)
				ProcessInitializeOnLoadMethodAttributes (13ms)
				AfterProcessingInitializeOnLoad (7ms)
				EditorAssembliesLoaded (0ms)
			ExecutionOrderSort2 (0ms)
			AwakeInstancesAfterBackupRestoration (11ms)
Platform modules already initialized, skipping
Refreshing native plugins compatible for Editor in 0.58 ms, found 3 plugins.
Preloading 0 native plugins for Editor in 0.00 ms.
Unloading 2200 Unused Serialized files (Serialized files now loaded: 0)
System memory in use before: 99.1 MB.
System memory in use after: 99.2 MB.

Unloading 17 unused Assets to reduce memory usage. Loaded Objects now: 2689.
Total: 2.912600 ms (FindLiveObjects: 0.166300 ms CreateObjectMapping: 0.085900 ms MarkObjects: 2.644500 ms  DeleteObjects: 0.015000 ms)

AssetImportParameters requested are different than current active one (requested -> active):
  custom:framework-win-MediaFoundation: 216162199b28c13a410421893ffa2e32 -> 
  custom:video-decoder-ogg-theora: a1e56fd34408186e4bbccfd4996cb3dc -> 
  custom:container-muxer-webm: aa71ff27fc2769a1b78a27578f13a17b -> 
  custom:container-demuxer-webm: 4f35f7cbe854078d1ac9338744f61a02 -> 
  custom:container-demuxer-ogg: 62fdf1f143b41e24485cea50d1cbac27 -> 
  custom:video-encoder-webm-vp8: eb34c28f22e8b96e1ab97ce403110664 -> 
  custom:video-decoder-webm-vp8: 9c59270c3fd7afecdb556c50c9e8de78 -> 
  custom:audio-decoder-ogg-vorbis: bf7c407c2cedff20999df2af8eb42d56 -> 
  custom:audio-encoder-webm-vorbis: bf7c407c2cedff20999df2af8eb42d56 -> 
========================================================================
Received Import Request.
  Time since last request: 91.522906 seconds.
  path: Assets/Deer.prefab
  artifactKey: Guid(8171074a586d49341a14a1e21a146044) Importer(815301076,1909f56bfc062723c751e8b465ee728b)
Start importing Assets/Deer.prefab using Guid(8171074a586d49341a14a1e21a146044) Importer(815301076,1909f56bfc062723c751e8b465ee728b)  -> (artifact id: 'cb244f5646317e1789622870320b4459') in 0.068589 seconds 
  Import took 0.072498 seconds .

========================================================================
Received Prepare
Registering precompiled user dll's ...
Registered in 0.005521 seconds.
Begin MonoManager ReloadAssembly
Native extension for WindowsStandalone target not found
Refreshing native plugins compatible for Editor in 0.50 ms, found 3 plugins.
Preloading 0 native plugins for Editor in 0.00 ms.
Mono: successfully reloaded assembly
- Completed reload, in  1.372 seconds
Domain Reload Profiling:
	ReloadAssembly (1372ms)
		BeginReloadAssembly (139ms)
			ExecutionOrderSort (0ms)
			DisableScriptedObjects (9ms)
			BackupInstance (0ms)
			ReleaseScriptingObjects (0ms)
			CreateAndSetChildDomain (44ms)
		EndReloadAssembly (1153ms)
			LoadAssemblies (126ms)
			RebuildTransferFunctionScriptingTraits (0ms)
			SetupTypeCache (409ms)
			ReleaseScriptCaches (1ms)
			RebuildScriptCaches (69ms)
			SetupLoadedEditorAssemblies (433ms)
				LogAssemblyErrors (0ms)
				InitializePlatformSupportModulesInManaged (5ms)
				SetLoadedEditorAssemblies (1ms)
				RefreshPlugins (1ms)
				BeforeProcessingInitializeOnLoad (143ms)
				ProcessInitializeOnLoadAttributes (264ms)
				ProcessInitializeOnLoadMethodAttributes (12ms)
				AfterProcessingInitializeOnLoad (7ms)
				EditorAssembliesLoaded (0ms)
			ExecutionOrderSort2 (0ms)
			AwakeInstancesAfterBackupRestoration (11ms)
Platform modules already initialized, skipping
Refreshing native plugins compatible for Editor in 0.94 ms, found 3 plugins.
Preloading 0 native plugins for Editor in 0.00 ms.
Unloading 2200 Unused Serialized files (Serialized files now loaded: 0)
System memory in use before: 99.1 MB.
System memory in use after: 99.2 MB.

Unloading 17 unused Assets to reduce memory usage. Loaded Objects now: 2692.
Total: 3.797500 ms (FindLiveObjects: 0.355000 ms CreateObjectMapping: 0.174000 ms MarkObjects: 3.241500 ms  DeleteObjects: 0.025500 ms)

AssetImportParameters requested are different than current active one (requested -> active):
  custom:framework-win-MediaFoundation: 216162199b28c13a410421893ffa2e32 -> 
  custom:video-decoder-ogg-theora: a1e56fd34408186e4bbccfd4996cb3dc -> 
  custom:container-muxer-webm: aa71ff27fc2769a1b78a27578f13a17b -> 
  custom:container-demuxer-webm: 4f35f7cbe854078d1ac9338744f61a02 -> 
  custom:container-demuxer-ogg: 62fdf1f143b41e24485cea50d1cbac27 -> 
  custom:video-encoder-webm-vp8: eb34c28f22e8b96e1ab97ce403110664 -> 
  custom:video-decoder-webm-vp8: 9c59270c3fd7afecdb556c50c9e8de78 -> 
  custom:audio-decoder-ogg-vorbis: bf7c407c2cedff20999df2af8eb42d56 -> 
  custom:audio-encoder-webm-vorbis: bf7c407c2cedff20999df2af8eb42d56 -> 
========================================================================
Received Import Request.
  Time since last request: 19.665967 seconds.
  path: Assets/Deer.prefab
  artifactKey: Guid(8171074a586d49341a14a1e21a146044) Importer(815301076,1909f56bfc062723c751e8b465ee728b)
Start importing Assets/Deer.prefab using Guid(8171074a586d49341a14a1e21a146044) Importer(815301076,1909f56bfc062723c751e8b465ee728b)  -> (artifact id: 'ca7154565d1ac4b0bfeaaf55933fff95') in 0.077765 seconds 
  Import took 0.083464 seconds .

========================================================================
Received Import Request.
  Time since last request: 7.294769 seconds.
  path: Assets/GroupOfDeers.prefab
  artifactKey: Guid(7b749d906d5957c46aeb3409ea5425d3) Importer(815301076,1909f56bfc062723c751e8b465ee728b)
Start importing Assets/GroupOfDeers.prefab using Guid(7b749d906d5957c46aeb3409ea5425d3) Importer(815301076,1909f56bfc062723c751e8b465ee728b)  -> (artifact id: 'a86a017598bab73c57fc8ed930f2d520') in 0.009916 seconds 
  Import took 0.014578 seconds .

========================================================================
Received Prepare
Registering precompiled user dll's ...
Registered in 0.005426 seconds.
Begin MonoManager ReloadAssembly
Native extension for WindowsStandalone target not found
Refreshing native plugins compatible for Editor in 0.81 ms, found 3 plugins.
Preloading 0 native plugins for Editor in 0.00 ms.
Mono: successfully reloaded assembly
- Completed reload, in  1.653 seconds
Domain Reload Profiling:
	ReloadAssembly (1654ms)
		BeginReloadAssembly (174ms)
			ExecutionOrderSort (0ms)
			DisableScriptedObjects (14ms)
			BackupInstance (0ms)
			ReleaseScriptingObjects (0ms)
			CreateAndSetChildDomain (53ms)
		EndReloadAssembly (1402ms)
			LoadAssemblies (140ms)
			RebuildTransferFunctionScriptingTraits (0ms)
			SetupTypeCache (594ms)
			ReleaseScriptCaches (1ms)
			RebuildScriptCaches (64ms)
			SetupLoadedEditorAssemblies (460ms)
				LogAssemblyErrors (0ms)
				InitializePlatformSupportModulesInManaged (6ms)
				SetLoadedEditorAssemblies (1ms)
				RefreshPlugins (1ms)
				BeforeProcessingInitializeOnLoad (162ms)
				ProcessInitializeOnLoadAttributes (262ms)
				ProcessInitializeOnLoadMethodAttributes (16ms)
				AfterProcessingInitializeOnLoad (11ms)
				EditorAssembliesLoaded (0ms)
			ExecutionOrderSort2 (0ms)
			AwakeInstancesAfterBackupRestoration (16ms)
Platform modules already initialized, skipping
Refreshing native plugins compatible for Editor in 0.58 ms, found 3 plugins.
Preloading 0 native plugins for Editor in 0.00 ms.
Unloading 2200 Unused Serialized files (Serialized files now loaded: 0)
System memory in use before: 99.1 MB.
System memory in use after: 99.2 MB.

Unloading 17 unused Assets to reduce memory usage. Loaded Objects now: 2695.
Total: 4.156300 ms (FindLiveObjects: 0.396500 ms CreateObjectMapping: 0.295900 ms MarkObjects: 3.430900 ms  DeleteObjects: 0.031000 ms)

AssetImportParameters requested are different than current active one (requested -> active):
  custom:framework-win-MediaFoundation: 216162199b28c13a410421893ffa2e32 -> 
  custom:video-decoder-ogg-theora: a1e56fd34408186e4bbccfd4996cb3dc -> 
  custom:container-muxer-webm: aa71ff27fc2769a1b78a27578f13a17b -> 
  custom:container-demuxer-webm: 4f35f7cbe854078d1ac9338744f61a02 -> 
  custom:container-demuxer-ogg: 62fdf1f143b41e24485cea50d1cbac27 -> 
  custom:video-encoder-webm-vp8: eb34c28f22e8b96e1ab97ce403110664 -> 
  custom:video-decoder-webm-vp8: 9c59270c3fd7afecdb556c50c9e8de78 -> 
  custom:audio-decoder-ogg-vorbis: bf7c407c2cedff20999df2af8eb42d56 -> 
  custom:audio-encoder-webm-vorbis: bf7c407c2cedff20999df2af8eb42d56 -> 
========================================================================
Received Import Request.
  Time since last request: 32.289679 seconds.
  path: Assets/Deer.prefab
  artifactKey: Guid(8171074a586d49341a14a1e21a146044) Importer(815301076,1909f56bfc062723c751e8b465ee728b)
Start importing Assets/Deer.prefab using Guid(8171074a586d49341a14a1e21a146044) Importer(815301076,1909f56bfc062723c751e8b465ee728b)  -> (artifact id: '8dee2dd00a75ce189e0096cf287b8a79') in 0.068844 seconds 
  Import took 0.072837 seconds .

========================================================================
Received Prepare
Registering precompiled user dll's ...
Registered in 0.009832 seconds.
Begin MonoManager ReloadAssembly
Native extension for WindowsStandalone target not found
Refreshing native plugins compatible for Editor in 0.59 ms, found 3 plugins.
Preloading 0 native plugins for Editor in 0.00 ms.
Mono: successfully reloaded assembly
- Completed reload, in  1.532 seconds
Domain Reload Profiling:
	ReloadAssembly (1533ms)
		BeginReloadAssembly (183ms)
			ExecutionOrderSort (0ms)
			DisableScriptedObjects (12ms)
			BackupInstance (0ms)
			ReleaseScriptingObjects (0ms)
			CreateAndSetChildDomain (55ms)
		EndReloadAssembly (1205ms)
			LoadAssemblies (185ms)
			RebuildTransferFunctionScriptingTraits (0ms)
			SetupTypeCache (443ms)
			ReleaseScriptCaches (2ms)
			RebuildScriptCaches (69ms)
			SetupLoadedEditorAssemblies (384ms)
				LogAssemblyErrors (0ms)
				InitializePlatformSupportModulesInManaged (5ms)
				SetLoadedEditorAssemblies (1ms)
				RefreshPlugins (1ms)
				BeforeProcessingInitializeOnLoad (124ms)
				ProcessInitializeOnLoadAttributes (233ms)
				ProcessInitializeOnLoadMethodAttributes (13ms)
				AfterProcessingInitializeOnLoad (7ms)
				EditorAssembliesLoaded (0ms)
			ExecutionOrderSort2 (0ms)
			AwakeInstancesAfterBackupRestoration (10ms)
Platform modules already initialized, skipping
Refreshing native plugins compatible for Editor in 0.50 ms, found 3 plugins.
Preloading 0 native plugins for Editor in 0.00 ms.
Unloading 2200 Unused Serialized files (Serialized files now loaded: 0)
System memory in use before: 99.1 MB.
System memory in use after: 99.3 MB.

Unloading 17 unused Assets to reduce memory usage. Loaded Objects now: 2698.
Total: 3.546500 ms (FindLiveObjects: 0.267800 ms CreateObjectMapping: 0.104200 ms MarkObjects: 3.153000 ms  DeleteObjects: 0.020700 ms)

AssetImportParameters requested are different than current active one (requested -> active):
  custom:framework-win-MediaFoundation: 216162199b28c13a410421893ffa2e32 -> 
  custom:video-decoder-ogg-theora: a1e56fd34408186e4bbccfd4996cb3dc -> 
  custom:container-muxer-webm: aa71ff27fc2769a1b78a27578f13a17b -> 
  custom:container-demuxer-webm: 4f35f7cbe854078d1ac9338744f61a02 -> 
  custom:container-demuxer-ogg: 62fdf1f143b41e24485cea50d1cbac27 -> 
  custom:video-encoder-webm-vp8: eb34c28f22e8b96e1ab97ce403110664 -> 
  custom:video-decoder-webm-vp8: 9c59270c3fd7afecdb556c50c9e8de78 -> 
  custom:audio-decoder-ogg-vorbis: bf7c407c2cedff20999df2af8eb42d56 -> 
  custom:audio-encoder-webm-vorbis: bf7c407c2cedff20999df2af8eb42d56 -> 
========================================================================
Received Prepare
Registering precompiled user dll's ...
Registered in 0.008263 seconds.
Begin MonoManager ReloadAssembly
Native extension for WindowsStandalone target not found
Refreshing native plugins compatible for Editor in 0.53 ms, found 3 plugins.
Preloading 0 native plugins for Editor in 0.00 ms.
Mono: successfully reloaded assembly
- Completed reload, in  1.646 seconds
Domain Reload Profiling:
	ReloadAssembly (1647ms)
		BeginReloadAssembly (182ms)
			ExecutionOrderSort (0ms)
			DisableScriptedObjects (11ms)
			BackupInstance (0ms)
			ReleaseScriptingObjects (0ms)
			CreateAndSetChildDomain (58ms)
		EndReloadAssembly (1357ms)
			LoadAssemblies (156ms)
			RebuildTransferFunctionScriptingTraits (0ms)
			SetupTypeCache (567ms)
			ReleaseScriptCaches (1ms)
			RebuildScriptCaches (58ms)
			SetupLoadedEditorAssemblies (424ms)
				LogAssemblyErrors (0ms)
				InitializePlatformSupportModulesInManaged (5ms)
				SetLoadedEditorAssemblies (1ms)
				RefreshPlugins (1ms)
				BeforeProcessingInitializeOnLoad (106ms)
				ProcessInitializeOnLoadAttributes (288ms)
				ProcessInitializeOnLoadMethodAttributes (16ms)
				AfterProcessingInitializeOnLoad (8ms)
				EditorAssembliesLoaded (0ms)
			ExecutionOrderSort2 (0ms)
			AwakeInstancesAfterBackupRestoration (12ms)
Platform modules already initialized, skipping
Refreshing native plugins compatible for Editor in 0.52 ms, found 3 plugins.
Preloading 0 native plugins for Editor in 0.00 ms.
Unloading 2200 Unused Serialized files (Serialized files now loaded: 0)
System memory in use before: 99.1 MB.
System memory in use after: 99.3 MB.

Unloading 17 unused Assets to reduce memory usage. Loaded Objects now: 2700.
Total: 3.118100 ms (FindLiveObjects: 0.173200 ms CreateObjectMapping: 0.083700 ms MarkObjects: 2.845800 ms  DeleteObjects: 0.014700 ms)

AssetImportParameters requested are different than current active one (requested -> active):
  custom:framework-win-MediaFoundation: 216162199b28c13a410421893ffa2e32 -> 
  custom:video-decoder-ogg-theora: a1e56fd34408186e4bbccfd4996cb3dc -> 
  custom:container-muxer-webm: aa71ff27fc2769a1b78a27578f13a17b -> 
  custom:container-demuxer-webm: 4f35f7cbe854078d1ac9338744f61a02 -> 
  custom:container-demuxer-ogg: 62fdf1f143b41e24485cea50d1cbac27 -> 
  custom:video-encoder-webm-vp8: eb34c28f22e8b96e1ab97ce403110664 -> 
  custom:video-decoder-webm-vp8: 9c59270c3fd7afecdb556c50c9e8de78 -> 
  custom:audio-decoder-ogg-vorbis: bf7c407c2cedff20999df2af8eb42d56 -> 
  custom:audio-encoder-webm-vorbis: bf7c407c2cedff20999df2af8eb42d56 -> 
AssetImportWorkerClient::OnTransportError - code=2 error=End of file
